Using pre-set license
Built from '2020.3/staging' branch; Version is '2020.3.18f1 (a7d1c678663c) revision 10998214'; Using compiler version '192528614'; Build Type 'Release'
OS: 'Windows 10 Home; OS build 19044.1706; Version 2009; 64bit' Language: 'ko' Physical Memory: 8106 MB
BatchMode: 1, IsHumanControllingUs: 0, StartBugReporterOnCrash: 0, Is64bit: 1, IsPro: 0

COMMAND LINE ARGUMENTS:
C:\Program Files\Unity\Hub\Editor\2020.3.18f1\Editor\Unity.exe
-adb2
-batchMode
-noUpm
-name
AssetImportWorker0
-projectPath
D:/Unity/ServeOrDie/ServeOrDie_Project
-logFile
Logs/AssetImportWorker0.log
-srvPort
56434
Successfully changed project path to: D:/Unity/ServeOrDie/ServeOrDie_Project
D:/Unity/ServeOrDie/ServeOrDie_Project
Using Asset Import Pipeline V2.
Refreshing native plugins compatible for Editor in 71.13 ms, found 3 plugins.
Preloading 0 native plugins for Editor in 0.00 ms.
Initialize engine version: 2020.3.18f1 (a7d1c678663c)
[Subsystems] Discovering subsystems at path C:/Program Files/Unity/Hub/Editor/2020.3.18f1/Editor/Data/Resources/UnitySubsystems
[Subsystems] Discovering subsystems at path D:/Unity/ServeOrDie/ServeOrDie_Project/Assets
GfxDevice: creating device client; threaded=0
Direct3D:
    Version:  Direct3D 11.0 [level 11.1]
    Renderer: NVIDIA GeForce GTX 1050 Ti (ID=0x1c8c)
    Vendor:   
    VRAM:     4018 MB
    Driver:   24.21.13.9907
Initialize mono
Mono path[0] = 'C:/Program Files/Unity/Hub/Editor/2020.3.18f1/Editor/Data/Managed'
Mono path[1] = 'C:/Program Files/Unity/Hub/Editor/2020.3.18f1/Editor/Data/MonoBleedingEdge/lib/mono/unityjit'
Mono config path = 'C:/Program Files/Unity/Hub/Editor/2020.3.18f1/Editor/Data/MonoBleedingEdge/etc'
Using monoOptions --debugger-agent=transport=dt_socket,embedding=1,server=y,suspend=n,address=127.0.0.1:56200
Begin MonoManager ReloadAssembly
Registering precompiled unity dll's ...
Register platform support module: C:/Program Files/Unity/Hub/Editor/2020.3.18f1/Editor/Data/PlaybackEngines/WebGLSupport/UnityEditor.WebGL.Extensions.dll
Register platform support module: C:/Program Files/Unity/Hub/Editor/2020.3.18f1/Editor/Data/PlaybackEngines/WindowsStandaloneSupport/UnityEditor.WindowsStandalone.Extensions.dll
Registered in 0.005700 seconds.
Native extension for WindowsStandalone target not found
Native extension for WebGL target not found
Refreshing native plugins compatible for Editor in 90.88 ms, found 3 plugins.
Preloading 0 native plugins for Editor in 0.00 ms.
Mono: successfully reloaded assembly
- Completed reload, in  6.004 seconds
Domain Reload Profiling:
	ReloadAssembly (6005ms)
		BeginReloadAssembly (113ms)
			ExecutionOrderSort (0ms)
			DisableScriptedObjects (0ms)
			BackupInstance (0ms)
			ReleaseScriptingObjects (0ms)
			CreateAndSetChildDomain (1ms)
		EndReloadAssembly (681ms)
			LoadAssemblies (109ms)
			RebuildTransferFunctionScriptingTraits (0ms)
			SetupTypeCache (211ms)
			ReleaseScriptCaches (0ms)
			RebuildScriptCaches (47ms)
			SetupLoadedEditorAssemblies (299ms)
				LogAssemblyErrors (0ms)
				InitializePlatformSupportModulesInManaged (10ms)
				SetLoadedEditorAssemblies (0ms)
				RefreshPlugins (91ms)
				BeforeProcessingInitializeOnLoad (23ms)
				ProcessInitializeOnLoadAttributes (117ms)
				ProcessInitializeOnLoadMethodAttributes (57ms)
				AfterProcessingInitializeOnLoad (0ms)
				EditorAssembliesLoaded (0ms)
			ExecutionOrderSort2 (0ms)
			AwakeInstancesAfterBackupRestoration (0ms)
Platform modules already initialized, skipping
Registering precompiled user dll's ...
Registered in 0.097709 seconds.
Begin MonoManager ReloadAssembly
Native extension for WindowsStandalone target not found
Native extension for WebGL target not found
Refreshing native plugins compatible for Editor in 59.21 ms, found 3 plugins.
Preloading 0 native plugins for Editor in 0.00 ms.
Mono: successfully reloaded assembly
- Completed reload, in  2.475 seconds
Domain Reload Profiling:
	ReloadAssembly (2476ms)
		BeginReloadAssembly (267ms)
			ExecutionOrderSort (0ms)
			DisableScriptedObjects (5ms)
			BackupInstance (0ms)
			ReleaseScriptingObjects (0ms)
			CreateAndSetChildDomain (26ms)
		EndReloadAssembly (2094ms)
			LoadAssemblies (999ms)
			RebuildTransferFunctionScriptingTraits (0ms)
			SetupTypeCache (391ms)
			ReleaseScriptCaches (1ms)
			RebuildScriptCaches (71ms)
			SetupLoadedEditorAssemblies (513ms)
				LogAssemblyErrors (0ms)
				InitializePlatformSupportModulesInManaged (6ms)
				SetLoadedEditorAssemblies (0ms)
				RefreshPlugins (59ms)
				BeforeProcessingInitializeOnLoad (123ms)
				ProcessInitializeOnLoadAttributes (294ms)
				ProcessInitializeOnLoadMethodAttributes (16ms)
				AfterProcessingInitializeOnLoad (14ms)
				EditorAssembliesLoaded (0ms)
			ExecutionOrderSort2 (0ms)
			AwakeInstancesAfterBackupRestoration (8ms)
Platform modules already initialized, skipping
========================================================================
Worker process is ready to serve import requests
Launched and connected shader compiler UnityShaderCompiler.exe after 0.14 seconds
Refreshing native plugins compatible for Editor in 0.52 ms, found 3 plugins.
Preloading 0 native plugins for Editor in 0.00 ms.
Unloading 2097 Unused Serialized files (Serialized files now loaded: 0)
System memory in use before: 95.8 MB.
System memory in use after: 95.9 MB.

Unloading 26 unused Assets to reduce memory usage. Loaded Objects now: 2536.
Total: 3.325400 ms (FindLiveObjects: 0.187800 ms CreateObjectMapping: 0.082100 ms MarkObjects: 2.945700 ms  DeleteObjects: 0.108700 ms)

AssetImportParameters requested are different than current active one (requested -> active):
  custom:framework-win-MediaFoundation: 216162199b28c13a410421893ffa2e32 -> 
  custom:video-decoder-ogg-theora: a1e56fd34408186e4bbccfd4996cb3dc -> 
  custom:container-muxer-webm: aa71ff27fc2769a1b78a27578f13a17b -> 
  custom:container-demuxer-webm: 4f35f7cbe854078d1ac9338744f61a02 -> 
  custom:container-demuxer-ogg: 62fdf1f143b41e24485cea50d1cbac27 -> 
  custom:video-encoder-webm-vp8: eb34c28f22e8b96e1ab97ce403110664 -> 
  custom:video-codec-MediaFoundation-h265: 746d11721c4dcdbdad8f713fa42b33f4 -> 
  custom:video-decoder-webm-vp8: 9c59270c3fd7afecdb556c50c9e8de78 -> 
  custom:audio-decoder-ogg-vorbis: bf7c407c2cedff20999df2af8eb42d56 -> 
  custom:audio-encoder-webm-vorbis: bf7c407c2cedff20999df2af8eb42d56 -> 
========================================================================
Received Import Request.
  path: Assets/Assets/TopDown 2D RPG BE3/Sprites/NPC.png
  artifactKey: Guid(2f90eb840bd0cf4438d49759bc08d718) Importer(815301076,1909f56bfc062723c751e8b465ee728b)
Start importing Assets/Assets/TopDown 2D RPG BE3/Sprites/NPC.png using Guid(2f90eb840bd0cf4438d49759bc08d718) Importer(815301076,1909f56bfc062723c751e8b465ee728b)  -> (artifact id: '54eb93e59803f41db86048ef3e2caae1') in 0.283996 seconds 
  Import took 0.315053 seconds .

========================================================================
Received Import Request.
  Time since last request: 3646.649597 seconds.
  path: Assets/Assets/TopDown 2D RPG BE3/Sprites/SOD_Char_Sprite.png
  artifactKey: Guid(484230627b540fd4796d015b63378370) Importer(815301076,1909f56bfc062723c751e8b465ee728b)
Start importing Assets/Assets/TopDown 2D RPG BE3/Sprites/SOD_Char_Sprite.png using Guid(484230627b540fd4796d015b63378370) Importer(815301076,1909f56bfc062723c751e8b465ee728b)  -> (artifact id: 'c2aa4f701fa28b54cb6eadfbca384671') in 0.108736 seconds 
  Import took 0.195458 seconds .

========================================================================
Received Import Request.
  Time since last request: 13.596513 seconds.
  path: Assets/Assets/TopDown 2D RPG BE3/Sprites/SOD_Char_Sprite.png
  artifactKey: Guid(484230627b540fd4796d015b63378370) Importer(815301076,1909f56bfc062723c751e8b465ee728b)
Start importing Assets/Assets/TopDown 2D RPG BE3/Sprites/SOD_Char_Sprite.png using Guid(484230627b540fd4796d015b63378370) Importer(815301076,1909f56bfc062723c751e8b465ee728b)  -> (artifact id: 'f97fd5a7de55d1ea4d43593ab09d33a9') in 0.019276 seconds 
  Import took 0.051101 seconds .

========================================================================
Received Import Request.
  Time since last request: 96.946704 seconds.
  path: Assets/Assets/TopDown 2D RPG BE3/Sprites/SOD_Char_Sprite.png
  artifactKey: Guid(484230627b540fd4796d015b63378370) Importer(815301076,1909f56bfc062723c751e8b465ee728b)
Start importing Assets/Assets/TopDown 2D RPG BE3/Sprites/SOD_Char_Sprite.png using Guid(484230627b540fd4796d015b63378370) Importer(815301076,1909f56bfc062723c751e8b465ee728b)  -> (artifact id: '23bcc0f2eff6949f584ccf23ce251145') in 0.018450 seconds 
  Import took 0.079909 seconds .

========================================================================
Received Import Request.
  Time since last request: 5.003609 seconds.
  path: Assets/Assets/TopDown 2D RPG BE3/Sprites/SOD_Char_Sprite.png
  artifactKey: Guid(484230627b540fd4796d015b63378370) Importer(815301076,1909f56bfc062723c751e8b465ee728b)
Start importing Assets/Assets/TopDown 2D RPG BE3/Sprites/SOD_Char_Sprite.png using Guid(484230627b540fd4796d015b63378370) Importer(815301076,1909f56bfc062723c751e8b465ee728b)  -> (artifact id: '5209d0076bcbef93a85743b234d2977f') in 0.013442 seconds 
  Import took 0.028455 seconds .

========================================================================
Received Import Request.
  Time since last request: 6.856197 seconds.
  path: Assets/Assets/TopDown 2D RPG BE3/Sprites/SOD_Char_Sprite.png
  artifactKey: Guid(484230627b540fd4796d015b63378370) Importer(815301076,1909f56bfc062723c751e8b465ee728b)
Start importing Assets/Assets/TopDown 2D RPG BE3/Sprites/SOD_Char_Sprite.png using Guid(484230627b540fd4796d015b63378370) Importer(815301076,1909f56bfc062723c751e8b465ee728b)  -> (artifact id: '6e9883b2c4e493514ab3b2e2f215cf27') in 0.013425 seconds 
  Import took 0.027127 seconds .

========================================================================
Received Import Request.
  Time since last request: 35.674404 seconds.
  path: Assets/Assets/TopDown 2D RPG BE3/Sprites/SOD_Char_Sprite.png
  artifactKey: Guid(484230627b540fd4796d015b63378370) Importer(815301076,1909f56bfc062723c751e8b465ee728b)
Start importing Assets/Assets/TopDown 2D RPG BE3/Sprites/SOD_Char_Sprite.png using Guid(484230627b540fd4796d015b63378370) Importer(815301076,1909f56bfc062723c751e8b465ee728b)  -> (artifact id: 'ad1777e325d82005a62f323b40ba5b8b') in 0.022194 seconds 
  Import took 0.114480 seconds .

========================================================================
Received Import Request.
  Time since last request: 262.475076 seconds.
  path: Assets/Assets/TopDown 2D RPG BE3/Sprites/SOD_Char_Sprite.png
  artifactKey: Guid(484230627b540fd4796d015b63378370) Importer(815301076,1909f56bfc062723c751e8b465ee728b)
Start importing Assets/Assets/TopDown 2D RPG BE3/Sprites/SOD_Char_Sprite.png using Guid(484230627b540fd4796d015b63378370) Importer(815301076,1909f56bfc062723c751e8b465ee728b)  -> (artifact id: '2ca1653e410adc31bb362eeb316cafef') in 0.102472 seconds 
  Import took 0.159813 seconds .

========================================================================
Received Import Request.
  Time since last request: 74.846910 seconds.
  path: Assets/Assets/TopDown 2D RPG BE3/Sprites/SOD_Char_Sprite.png
  artifactKey: Guid(484230627b540fd4796d015b63378370) Importer(815301076,1909f56bfc062723c751e8b465ee728b)
Start importing Assets/Assets/TopDown 2D RPG BE3/Sprites/SOD_Char_Sprite.png using Guid(484230627b540fd4796d015b63378370) Importer(815301076,1909f56bfc062723c751e8b465ee728b)  -> (artifact id: 'ed962ded595131afd59d18153a19df35') in 0.083183 seconds 
  Import took 0.093205 seconds .

========================================================================
Received Import Request.
  Time since last request: 149.069497 seconds.
  path: Assets/Assets/TopDown 2D RPG BE3/Sprites/SOD_Charactor.controller
  artifactKey: Guid(71c41c689ab802640834a002474806f2) Importer(815301076,1909f56bfc062723c751e8b465ee728b)
Start importing Assets/Assets/TopDown 2D RPG BE3/Sprites/SOD_Charactor.controller using Guid(71c41c689ab802640834a002474806f2) Importer(815301076,1909f56bfc062723c751e8b465ee728b)  -> (artifact id: 'e0650477d98bcd888c23665d77b30175') in 0.037641 seconds 
  Import took 0.068122 seconds .

========================================================================
Received Import Request.
  Time since last request: 8.502880 seconds.
  path: Assets/Assets/KrishnaPalacio/MINIFANTASY Dungeon - Super Low Res 2D Pixel Art by Krishna Palacio/Tile Palettes/Ground.prefab
  artifactKey: Guid(6a6781ae92da1a143a75d22d323f21e4) Importer(815301076,1909f56bfc062723c751e8b465ee728b)
Start importing Assets/Assets/KrishnaPalacio/MINIFANTASY Dungeon - Super Low Res 2D Pixel Art by Krishna Palacio/Tile Palettes/Ground.prefab using Guid(6a6781ae92da1a143a75d22d323f21e4) Importer(815301076,1909f56bfc062723c751e8b465ee728b)  -> (artifact id: '3e655b0b0767e52a67fa366fd3f229ef') in 0.365140 seconds 
  Import took 0.369461 seconds .

========================================================================
Received Import Request.
  Time since last request: 0.000618 seconds.
  path: Assets/Assets/KrishnaPalacio/MINIFANTASY Dungeon - Super Low Res 2D Pixel Art by Krishna Palacio/Tile Palettes/Walls&Misc.prefab
  artifactKey: Guid(6db4f9df0e8f1de4d8c93209de94c2ea) Importer(815301076,1909f56bfc062723c751e8b465ee728b)
Start importing Assets/Assets/KrishnaPalacio/MINIFANTASY Dungeon - Super Low Res 2D Pixel Art by Krishna Palacio/Tile Palettes/Walls&Misc.prefab using Guid(6db4f9df0e8f1de4d8c93209de94c2ea) Importer(815301076,1909f56bfc062723c751e8b465ee728b)  -> (artifact id: 'b702d2d15927810724841888778137e4') in 0.161547 seconds 
  Import took 0.189960 seconds .

========================================================================
Received Import Request.
  Time since last request: 0.000349 seconds.
  path: Assets/Assets/KrishnaPalacio/MINIFANTASY Dungeon - Super Low Res 2D Pixel Art by Krishna Palacio/Tile Palettes/Rule Tiles.prefab
  artifactKey: Guid(0727e854e691beb41813e57256803b51) Importer(815301076,1909f56bfc062723c751e8b465ee728b)
Start importing Assets/Assets/KrishnaPalacio/MINIFANTASY Dungeon - Super Low Res 2D Pixel Art by Krishna Palacio/Tile Palettes/Rule Tiles.prefab using Guid(0727e854e691beb41813e57256803b51) Importer(815301076,1909f56bfc062723c751e8b465ee728b)  -> (artifact id: '141f37867420f1ee1459f57b9f9fa2f6') in 0.034780 seconds 
  Import took 0.060914 seconds .

========================================================================
Received Import Request.
  Time since last request: 6.934299 seconds.
  path: Assets/Animation/SOD_Charactor.controller
  artifactKey: Guid(71c41c689ab802640834a002474806f2) Importer(815301076,1909f56bfc062723c751e8b465ee728b)
Start importing Assets/Animation/SOD_Charactor.controller using Guid(71c41c689ab802640834a002474806f2) Importer(815301076,1909f56bfc062723c751e8b465ee728b)  -> (artifact id: '990082f688a1ef59a51d81cae6657e54') in 0.004122 seconds 
  Import took 0.024639 seconds .

========================================================================
Received Import Request.
  Time since last request: 21.001146 seconds.
  path: Assets/Animation/Idle.anim
  artifactKey: Guid(37cb8bdbedd4d1a45b659e7f7b9b209c) Importer(815301076,1909f56bfc062723c751e8b465ee728b)
Start importing Assets/Animation/Idle.anim using Guid(37cb8bdbedd4d1a45b659e7f7b9b209c) Importer(815301076,1909f56bfc062723c751e8b465ee728b)  -> (artifact id: '5773933e346ad506cf2a542f02423281') in 0.014443 seconds 
  Import took 0.019532 seconds .

========================================================================
Received Import Request.
  Time since last request: 0.002996 seconds.
  path: Assets/Animation/Idle.anim
  artifactKey: Guid(37cb8bdbedd4d1a45b659e7f7b9b209c) Importer(815301076,1909f56bfc062723c751e8b465ee728b)
Start importing Assets/Animation/Idle.anim using Guid(37cb8bdbedd4d1a45b659e7f7b9b209c) Importer(815301076,1909f56bfc062723c751e8b465ee728b)  -> (artifact id: '5773933e346ad506cf2a542f02423281') in 0.004151 seconds 
  Import took 0.009944 seconds .

========================================================================
Received Import Request.
  Time since last request: 13.302476 seconds.
  path: Assets/Animation/SOD_Charater
  artifactKey: Guid(4cca6f6cb643b7e40815af9cb909acba) Importer(815301076,1909f56bfc062723c751e8b465ee728b)
Start importing Assets/Animation/SOD_Charater using Guid(4cca6f6cb643b7e40815af9cb909acba) Importer(815301076,1909f56bfc062723c751e8b465ee728b)  -> (artifact id: 'bf621da147189fca5a6ecb5c232b2516') in 0.009377 seconds 
  Import took 0.031813 seconds .

========================================================================
Received Import Request.
  Time since last request: 6.100875 seconds.
  path: Assets/Animation/SOD_Character.controller
  artifactKey: Guid(71c41c689ab802640834a002474806f2) Importer(815301076,1909f56bfc062723c751e8b465ee728b)
Start importing Assets/Animation/SOD_Character.controller using Guid(71c41c689ab802640834a002474806f2) Importer(815301076,1909f56bfc062723c751e8b465ee728b)  -> (artifact id: '6899ed0ef6a0e52738d3f9af72f76f91') in 0.008455 seconds 
  Import took 0.069449 seconds .

========================================================================
Received Import Request.
  Time since last request: 12.896605 seconds.
  path: Assets/Animation/SOD_Charater/Idle 1.anim
  artifactKey: Guid(c348d725d2518c84badb0df42b5b3ce3) Importer(815301076,1909f56bfc062723c751e8b465ee728b)
Start importing Assets/Animation/SOD_Charater/Idle 1.anim using Guid(c348d725d2518c84badb0df42b5b3ce3) Importer(815301076,1909f56bfc062723c751e8b465ee728b)  -> (artifact id: '54a03f55e7c1c754d6e40becf38647dd') in 0.009110 seconds 
  Import took 0.013839 seconds .

========================================================================
Received Import Request.
  Time since last request: 0.001075 seconds.
  path: Assets/Animation/SOD_Charater/Idle 1.anim
  artifactKey: Guid(c348d725d2518c84badb0df42b5b3ce3) Importer(815301076,1909f56bfc062723c751e8b465ee728b)
Start importing Assets/Animation/SOD_Charater/Idle 1.anim using Guid(c348d725d2518c84badb0df42b5b3ce3) Importer(815301076,1909f56bfc062723c751e8b465ee728b)  -> (artifact id: '54a03f55e7c1c754d6e40becf38647dd') in 0.004750 seconds 
  Import took 0.009650 seconds .

========================================================================
Received Import Request.
  Time since last request: 8.595330 seconds.
  path: Assets/Animation/SOD_Charater/Front.anim
  artifactKey: Guid(c348d725d2518c84badb0df42b5b3ce3) Importer(815301076,1909f56bfc062723c751e8b465ee728b)
Start importing Assets/Animation/SOD_Charater/Front.anim using Guid(c348d725d2518c84badb0df42b5b3ce3) Importer(815301076,1909f56bfc062723c751e8b465ee728b)  -> (artifact id: '383de8ba9c8a56fc93d97dab2d160dba') in 0.009831 seconds 
  Import took 0.031865 seconds .

========================================================================
Received Import Request.
  Time since last request: 4.683751 seconds.
  path: Assets/Animation/SOD_Charater/Front 1.anim
  artifactKey: Guid(3aeebe774a6ef5245965ee61c58d03ad) Importer(815301076,1909f56bfc062723c751e8b465ee728b)
Start importing Assets/Animation/SOD_Charater/Front 1.anim using Guid(3aeebe774a6ef5245965ee61c58d03ad) Importer(815301076,1909f56bfc062723c751e8b465ee728b)  -> (artifact id: '435e5b1d32cbce50744a070c2ac21326') in 0.009938 seconds 
  Import took 0.013844 seconds .

========================================================================
Received Import Request.
  Time since last request: 0.777215 seconds.
  path: Assets/Animation/SOD_Charater/Front 2.anim
  artifactKey: Guid(9f3d3df964c7a5245b6b6a6c8a740c93) Importer(815301076,1909f56bfc062723c751e8b465ee728b)
Start importing Assets/Animation/SOD_Charater/Front 2.anim using Guid(9f3d3df964c7a5245b6b6a6c8a740c93) Importer(815301076,1909f56bfc062723c751e8b465ee728b)  -> (artifact id: '731b622e98606971710db81e125252ef') in 0.009509 seconds 
  Import took 0.024860 seconds .

========================================================================
Received Import Request.
  Time since last request: 0.131044 seconds.
  path: Assets/Animation/SOD_Charater/Front 3.anim
  artifactKey: Guid(662013fe728a0e54080ce298b7409b3c) Importer(815301076,1909f56bfc062723c751e8b465ee728b)
Start importing Assets/Animation/SOD_Charater/Front 3.anim using Guid(662013fe728a0e54080ce298b7409b3c) Importer(815301076,1909f56bfc062723c751e8b465ee728b)  -> (artifact id: 'ca06c50f522d0b75bdc3cbb789a951d5') in 0.010373 seconds 
  Import took 0.026292 seconds .

========================================================================
Received Import Request.
  Time since last request: 0.000581 seconds.
  path: Assets/Animation/SOD_Charater/Front 3.anim
  artifactKey: Guid(662013fe728a0e54080ce298b7409b3c) Importer(815301076,1909f56bfc062723c751e8b465ee728b)
Start importing Assets/Animation/SOD_Charater/Front 3.anim using Guid(662013fe728a0e54080ce298b7409b3c) Importer(815301076,1909f56bfc062723c751e8b465ee728b)  -> (artifact id: 'ca06c50f522d0b75bdc3cbb789a951d5') in 0.004939 seconds 
  Import took 0.009066 seconds .

========================================================================
Received Import Request.
  Time since last request: 0.899177 seconds.
  path: Assets/Animation/SOD_Charater/Front 1.anim
  artifactKey: Guid(3aeebe774a6ef5245965ee61c58d03ad) Importer(815301076,1909f56bfc062723c751e8b465ee728b)
Start importing Assets/Animation/SOD_Charater/Front 1.anim using Guid(3aeebe774a6ef5245965ee61c58d03ad) Importer(815301076,1909f56bfc062723c751e8b465ee728b)  -> (artifact id: 'afc6b806f96fc5f9e573f12dcdd0bbd4') in 0.003560 seconds 
  Import took 0.099901 seconds .

========================================================================
Received Import Request.
  Time since last request: 4.926114 seconds.
  path: Assets/Animation/SOD_Charater/Back.anim
  artifactKey: Guid(3aeebe774a6ef5245965ee61c58d03ad) Importer(815301076,1909f56bfc062723c751e8b465ee728b)
Start importing Assets/Animation/SOD_Charater/Back.anim using Guid(3aeebe774a6ef5245965ee61c58d03ad) Importer(815301076,1909f56bfc062723c751e8b465ee728b)  -> (artifact id: '0b551836780588a6e9b8f02226ad877e') in 0.007273 seconds 
  Import took 0.012530 seconds .

========================================================================
Received Import Request.
  Time since last request: 1.241427 seconds.
  path: Assets/Animation/SOD_Charater/Front 2.anim
  artifactKey: Guid(9f3d3df964c7a5245b6b6a6c8a740c93) Importer(815301076,1909f56bfc062723c751e8b465ee728b)
Start importing Assets/Animation/SOD_Charater/Front 2.anim using Guid(9f3d3df964c7a5245b6b6a6c8a740c93) Importer(815301076,1909f56bfc062723c751e8b465ee728b)  -> (artifact id: 'b7827ea030b3a3ce7ecb3ceb3c3b5cc1') in 0.004214 seconds 
  Import took 0.096108 seconds .

========================================================================
Received Import Request.
  Time since last request: 4.301546 seconds.
  path: Assets/Animation/SOD_Charater/Right.anim
  artifactKey: Guid(9f3d3df964c7a5245b6b6a6c8a740c93) Importer(815301076,1909f56bfc062723c751e8b465ee728b)
Start importing Assets/Animation/SOD_Charater/Right.anim using Guid(9f3d3df964c7a5245b6b6a6c8a740c93) Importer(815301076,1909f56bfc062723c751e8b465ee728b)  -> (artifact id: 'beecdc71517e3b9a7208209a9fbe510b') in 0.009068 seconds 
  Import took 0.013614 seconds .

========================================================================
Received Import Request.
  Time since last request: 7.708090 seconds.
  path: Assets/Animation/SOD_Charater/Left.anim
  artifactKey: Guid(662013fe728a0e54080ce298b7409b3c) Importer(815301076,1909f56bfc062723c751e8b465ee728b)
Start importing Assets/Animation/SOD_Charater/Left.anim using Guid(662013fe728a0e54080ce298b7409b3c) Importer(815301076,1909f56bfc062723c751e8b465ee728b)  -> (artifact id: '858a9f1bd1ffe4da7589a1b97018b443') in 0.009735 seconds 
  Import took 0.016953 seconds .

========================================================================
Received Import Request.
  Time since last request: 994.125630 seconds.
  path: Assets/Animation/SOD_Charater/SOD_Character.controller
  artifactKey: Guid(71c41c689ab802640834a002474806f2) Importer(815301076,1909f56bfc062723c751e8b465ee728b)
Start importing Assets/Animation/SOD_Charater/SOD_Character.controller using Guid(71c41c689ab802640834a002474806f2) Importer(815301076,1909f56bfc062723c751e8b465ee728b)  -> (artifact id: '305d026756e087ea35c21f141777e9f0') in 0.008162 seconds 
  Import took 0.391598 seconds .

========================================================================
Received Import Request.
  Time since last request: 281.924747 seconds.
  path: Assets/Animation/SOD_Charater/Back.anim
  artifactKey: Guid(3aeebe774a6ef5245965ee61c58d03ad) Importer(815301076,1909f56bfc062723c751e8b465ee728b)
Start importing Assets/Animation/SOD_Charater/Back.anim using Guid(3aeebe774a6ef5245965ee61c58d03ad) Importer(815301076,1909f56bfc062723c751e8b465ee728b)  -> (artifact id: '9fe53c24729bca03f8256c76ad6de5d6') in 0.003557 seconds 
  Import took 0.110587 seconds .

========================================================================
Received Import Request.
  Time since last request: 0.589126 seconds.
  path: Assets/Animation/SOD_Charater/Right.anim
  artifactKey: Guid(9f3d3df964c7a5245b6b6a6c8a740c93) Importer(815301076,1909f56bfc062723c751e8b465ee728b)
Start importing Assets/Animation/SOD_Charater/Right.anim using Guid(9f3d3df964c7a5245b6b6a6c8a740c93) Importer(815301076,1909f56bfc062723c751e8b465ee728b)  -> (artifact id: 'd835e3aa335ddae36b2dd904c99fbc0f') in 0.004730 seconds 
  Import took 0.143838 seconds .

========================================================================
Received Import Request.
  Time since last request: 7.080705 seconds.
  path: Assets/Animation/SOD_Charater/Left.anim
  artifactKey: Guid(662013fe728a0e54080ce298b7409b3c) Importer(815301076,1909f56bfc062723c751e8b465ee728b)
Start importing Assets/Animation/SOD_Charater/Left.anim using Guid(662013fe728a0e54080ce298b7409b3c) Importer(815301076,1909f56bfc062723c751e8b465ee728b)  -> (artifact id: '3690efd3df877860626dd7d3d4d37caf') in 0.005045 seconds 
  Import took 0.009993 seconds .

========================================================================
Received Import Request.
  Time since last request: 0.005049 seconds.
  path: Assets/Animation/SOD_Charater/Left.anim
  artifactKey: Guid(662013fe728a0e54080ce298b7409b3c) Importer(815301076,1909f56bfc062723c751e8b465ee728b)
Start importing Assets/Animation/SOD_Charater/Left.anim using Guid(662013fe728a0e54080ce298b7409b3c) Importer(815301076,1909f56bfc062723c751e8b465ee728b)  -> (artifact id: '3690efd3df877860626dd7d3d4d37caf') in 0.004920 seconds 
  Import took 0.010109 seconds .

========================================================================
Received Import Request.
  Time since last request: 2.716568 seconds.
  path: Assets/Animation/SOD_Charater/Idle.anim
  artifactKey: Guid(37cb8bdbedd4d1a45b659e7f7b9b209c) Importer(815301076,1909f56bfc062723c751e8b465ee728b)
Start importing Assets/Animation/SOD_Charater/Idle.anim using Guid(37cb8bdbedd4d1a45b659e7f7b9b209c) Importer(815301076,1909f56bfc062723c751e8b465ee728b)  -> (artifact id: '5f0fb9d332770b92864240aefea286e3') in 0.004237 seconds 
  Import took 0.018152 seconds .

========================================================================
Received Import Request.
  Time since last request: 1.897636 seconds.
  path: Assets/Animation/SOD_Charater/Front.anim
  artifactKey: Guid(c348d725d2518c84badb0df42b5b3ce3) Importer(815301076,1909f56bfc062723c751e8b465ee728b)
Start importing Assets/Animation/SOD_Charater/Front.anim using Guid(c348d725d2518c84badb0df42b5b3ce3) Importer(815301076,1909f56bfc062723c751e8b465ee728b)  -> (artifact id: 'c13729c6e7064aea765528701eca0965') in 0.004210 seconds 
  Import took 0.008177 seconds .

========================================================================
Received Import Request.
  Time since last request: 0.003010 seconds.
  path: Assets/Animation/SOD_Charater/Front.anim
  artifactKey: Guid(c348d725d2518c84badb0df42b5b3ce3) Importer(815301076,1909f56bfc062723c751e8b465ee728b)
Start importing Assets/Animation/SOD_Charater/Front.anim using Guid(c348d725d2518c84badb0df42b5b3ce3) Importer(815301076,1909f56bfc062723c751e8b465ee728b)  -> (artifact id: 'c13729c6e7064aea765528701eca0965') in 0.004488 seconds 
  Import took 0.010779 seconds .

========================================================================
Received Prepare
Registering precompiled user dll's ...
Registered in 0.003803 seconds.
Begin MonoManager ReloadAssembly
Native extension for WindowsStandalone target not found
Native extension for WebGL target not found
Refreshing native plugins compatible for Editor in 0.47 ms, found 3 plugins.
Preloading 0 native plugins for Editor in 0.00 ms.
Mono: successfully reloaded assembly
- Completed reload, in  1.233 seconds
Domain Reload Profiling:
	ReloadAssembly (1234ms)
		BeginReloadAssembly (203ms)
			ExecutionOrderSort (0ms)
			DisableScriptedObjects (7ms)
			BackupInstance (0ms)
			ReleaseScriptingObjects (0ms)
			CreateAndSetChildDomain (76ms)
		EndReloadAssembly (956ms)
			LoadAssemblies (141ms)
			RebuildTransferFunctionScriptingTraits (0ms)
			SetupTypeCache (328ms)
			ReleaseScriptCaches (1ms)
			RebuildScriptCaches (46ms)
			SetupLoadedEditorAssemblies (352ms)
				LogAssemblyErrors (0ms)
				InitializePlatformSupportModulesInManaged (7ms)
				SetLoadedEditorAssemblies (0ms)
				RefreshPlugins (1ms)
				BeforeProcessingInitializeOnLoad (93ms)
				ProcessInitializeOnLoadAttributes (230ms)
				ProcessInitializeOnLoadMethodAttributes (6ms)
				AfterProcessingInitializeOnLoad (15ms)
				EditorAssembliesLoaded (0ms)
			ExecutionOrderSort2 (0ms)
			AwakeInstancesAfterBackupRestoration (11ms)
Platform modules already initialized, skipping
Refreshing native plugins compatible for Editor in 0.52 ms, found 3 plugins.
Preloading 0 native plugins for Editor in 0.00 ms.
Unloading 2087 Unused Serialized files (Serialized files now loaded: 0)
System memory in use before: 98.3 MB.
System memory in use after: 98.4 MB.

Unloading 14 unused Assets to reduce memory usage. Loaded Objects now: 2556.
Total: 4.459400 ms (FindLiveObjects: 0.246900 ms CreateObjectMapping: 0.083200 ms MarkObjects: 4.075200 ms  DeleteObjects: 0.052700 ms)

AssetImportParameters requested are different than current active one (requested -> active):
  custom:framework-win-MediaFoundation: 216162199b28c13a410421893ffa2e32 -> 
  custom:video-decoder-ogg-theora: a1e56fd34408186e4bbccfd4996cb3dc -> 
  custom:container-muxer-webm: aa71ff27fc2769a1b78a27578f13a17b -> 
  custom:container-demuxer-webm: 4f35f7cbe854078d1ac9338744f61a02 -> 
  custom:container-demuxer-ogg: 62fdf1f143b41e24485cea50d1cbac27 -> 
  custom:video-encoder-webm-vp8: eb34c28f22e8b96e1ab97ce403110664 -> 
  custom:video-codec-MediaFoundation-h265: 746d11721c4dcdbdad8f713fa42b33f4 -> 
  custom:video-decoder-webm-vp8: 9c59270c3fd7afecdb556c50c9e8de78 -> 
  custom:audio-decoder-ogg-vorbis: bf7c407c2cedff20999df2af8eb42d56 -> 
  custom:audio-encoder-webm-vorbis: bf7c407c2cedff20999df2af8eb42d56 -> 
========================================================================
Received Import Request.
  Time since last request: 10.555814 seconds.
  path: Assets/Animation/SOD_Charater/Back.anim
  artifactKey: Guid(3aeebe774a6ef5245965ee61c58d03ad) Importer(815301076,1909f56bfc062723c751e8b465ee728b)
Start importing Assets/Animation/SOD_Charater/Back.anim using Guid(3aeebe774a6ef5245965ee61c58d03ad) Importer(815301076,1909f56bfc062723c751e8b465ee728b)  -> (artifact id: '62be15cfe00f17f88c4b77a5c0ceac25') in 0.025803 seconds 
  Import took 0.125051 seconds .

========================================================================
Received Import Request.
  Time since last request: 0.130158 seconds.
  path: Assets/Animation/SOD_Charater/Back.anim
  artifactKey: Guid(3aeebe774a6ef5245965ee61c58d03ad) Importer(815301076,1909f56bfc062723c751e8b465ee728b)
Start importing Assets/Animation/SOD_Charater/Back.anim using Guid(3aeebe774a6ef5245965ee61c58d03ad) Importer(815301076,1909f56bfc062723c751e8b465ee728b)  -> (artifact id: '62be15cfe00f17f88c4b77a5c0ceac25') in 0.004028 seconds 
  Import took 0.010468 seconds .

========================================================================
Received Prepare
Registering precompiled user dll's ...
Registered in 0.004219 seconds.
Begin MonoManager ReloadAssembly
Native extension for WindowsStandalone target not found
Native extension for WebGL target not found
Refreshing native plugins compatible for Editor in 1.80 ms, found 3 plugins.
Preloading 0 native plugins for Editor in 0.00 ms.
Mono: successfully reloaded assembly
- Completed reload, in  3.565 seconds
Domain Reload Profiling:
	ReloadAssembly (3566ms)
		BeginReloadAssembly (304ms)
			ExecutionOrderSort (0ms)
			DisableScriptedObjects (9ms)
			BackupInstance (0ms)
			ReleaseScriptingObjects (0ms)
			CreateAndSetChildDomain (111ms)
		EndReloadAssembly (3152ms)
			LoadAssemblies (211ms)
			RebuildTransferFunctionScriptingTraits (0ms)
			SetupTypeCache (1490ms)
			ReleaseScriptCaches (2ms)
			RebuildScriptCaches (111ms)
			SetupLoadedEditorAssemblies (1125ms)
				LogAssemblyErrors (0ms)
				InitializePlatformSupportModulesInManaged (16ms)
				SetLoadedEditorAssemblies (2ms)
				RefreshPlugins (2ms)
				BeforeProcessingInitializeOnLoad (228ms)
				ProcessInitializeOnLoadAttributes (846ms)
				ProcessInitializeOnLoadMethodAttributes (8ms)
				AfterProcessingInitializeOnLoad (21ms)
				EditorAssembliesLoaded (0ms)
			ExecutionOrderSort2 (0ms)
			AwakeInstancesAfterBackupRestoration (20ms)
Platform modules already initialized, skipping
Refreshing native plugins compatible for Editor in 0.92 ms, found 3 plugins.
Preloading 0 native plugins for Editor in 0.00 ms.
Unloading 2087 Unused Serialized files (Serialized files now loaded: 0)
System memory in use before: 98.3 MB.
System memory in use after: 98.5 MB.

Unloading 14 unused Assets to reduce memory usage. Loaded Objects now: 2559.
Total: 6.300400 ms (FindLiveObjects: 0.599700 ms CreateObjectMapping: 0.180100 ms MarkObjects: 5.485400 ms  DeleteObjects: 0.033300 ms)

AssetImportParameters requested are different than current active one (requested -> active):
  custom:framework-win-MediaFoundation: 216162199b28c13a410421893ffa2e32 -> 
  custom:video-decoder-ogg-theora: a1e56fd34408186e4bbccfd4996cb3dc -> 
  custom:container-muxer-webm: aa71ff27fc2769a1b78a27578f13a17b -> 
  custom:container-demuxer-webm: 4f35f7cbe854078d1ac9338744f61a02 -> 
  custom:container-demuxer-ogg: 62fdf1f143b41e24485cea50d1cbac27 -> 
  custom:video-encoder-webm-vp8: eb34c28f22e8b96e1ab97ce403110664 -> 
  custom:video-codec-MediaFoundation-h265: 746d11721c4dcdbdad8f713fa42b33f4 -> 
  custom:video-decoder-webm-vp8: 9c59270c3fd7afecdb556c50c9e8de78 -> 
  custom:audio-decoder-ogg-vorbis: bf7c407c2cedff20999df2af8eb42d56 -> 
  custom:audio-encoder-webm-vorbis: bf7c407c2cedff20999df2af8eb42d56 -> 
========================================================================
Received Import Request.
  Time since last request: 33.732083 seconds.
  path: Assets/Scripts/PlayerMove.cs
  artifactKey: Guid(e26a321f94934804ebb510bf2952d42e) Importer(815301076,1909f56bfc062723c751e8b465ee728b)
Start importing Assets/Scripts/PlayerMove.cs using Guid(e26a321f94934804ebb510bf2952d42e) Importer(815301076,1909f56bfc062723c751e8b465ee728b)  -> (artifact id: '878cae1384e54a92b3de5933a769601a') in 0.051471 seconds 
  Import took 0.056614 seconds .

========================================================================
Received Prepare
Registering precompiled user dll's ...
Registered in 0.104663 seconds.
Begin MonoManager ReloadAssembly
Native extension for WindowsStandalone target not found
Native extension for WebGL target not found
Refreshing native plugins compatible for Editor in 0.54 ms, found 3 plugins.
Preloading 0 native plugins for Editor in 0.00 ms.
Mono: successfully reloaded assembly
- Completed reload, in  1.464 seconds
Domain Reload Profiling:
	ReloadAssembly (1464ms)
		BeginReloadAssembly (192ms)
			ExecutionOrderSort (0ms)
			DisableScriptedObjects (9ms)
			BackupInstance (0ms)
			ReleaseScriptingObjects (0ms)
			CreateAndSetChildDomain (44ms)
		EndReloadAssembly (1162ms)
			LoadAssemblies (182ms)
			RebuildTransferFunctionScriptingTraits (0ms)
			SetupTypeCache (390ms)
			ReleaseScriptCaches (1ms)
			RebuildScriptCaches (52ms)
			SetupLoadedEditorAssemblies (454ms)
				LogAssemblyErrors (0ms)
				InitializePlatformSupportModulesInManaged (9ms)
				SetLoadedEditorAssemblies (1ms)
				RefreshPlugins (1ms)
				BeforeProcessingInitializeOnLoad (111ms)
				ProcessInitializeOnLoadAttributes (312ms)
				ProcessInitializeOnLoadMethodAttributes (5ms)
				AfterProcessingInitializeOnLoad (16ms)
				EditorAssembliesLoaded (0ms)
			ExecutionOrderSort2 (0ms)
			AwakeInstancesAfterBackupRestoration (12ms)
Platform modules already initialized, skipping
Refreshing native plugins compatible for Editor in 0.50 ms, found 3 plugins.
Preloading 0 native plugins for Editor in 0.00 ms.
Unloading 2088 Unused Serialized files (Serialized files now loaded: 0)
System memory in use before: 98.4 MB.
System memory in use after: 98.5 MB.

Unloading 14 unused Assets to reduce memory usage. Loaded Objects now: 2563.
Total: 3.193000 ms (FindLiveObjects: 0.207000 ms CreateObjectMapping: 0.081500 ms MarkObjects: 2.885900 ms  DeleteObjects: 0.017600 ms)

AssetImportParameters requested are different than current active one (requested -> active):
  custom:framework-win-MediaFoundation: 216162199b28c13a410421893ffa2e32 -> 
  custom:video-decoder-ogg-theora: a1e56fd34408186e4bbccfd4996cb3dc -> 
  custom:container-muxer-webm: aa71ff27fc2769a1b78a27578f13a17b -> 
  custom:container-demuxer-webm: 4f35f7cbe854078d1ac9338744f61a02 -> 
  custom:container-demuxer-ogg: 62fdf1f143b41e24485cea50d1cbac27 -> 
  custom:video-encoder-webm-vp8: eb34c28f22e8b96e1ab97ce403110664 -> 
  custom:video-codec-MediaFoundation-h265: 746d11721c4dcdbdad8f713fa42b33f4 -> 
  custom:video-decoder-webm-vp8: 9c59270c3fd7afecdb556c50c9e8de78 -> 
  custom:audio-decoder-ogg-vorbis: bf7c407c2cedff20999df2af8eb42d56 -> 
  custom:audio-encoder-webm-vorbis: bf7c407c2cedff20999df2af8eb42d56 -> 
========================================================================
Received Import Request.
  Time since last request: 437.407630 seconds.
  path: Assets/Scripts/PlayerMove.cs
  artifactKey: Guid(e26a321f94934804ebb510bf2952d42e) Importer(815301076,1909f56bfc062723c751e8b465ee728b)
Start importing Assets/Scripts/PlayerMove.cs using Guid(e26a321f94934804ebb510bf2952d42e) Importer(815301076,1909f56bfc062723c751e8b465ee728b)  -> (artifact id: '73f64be223918a61492affa9e52d7576') in 0.009734 seconds 
  Import took 0.013508 seconds .

========================================================================
Received Prepare
Registering precompiled user dll's ...
Registered in 0.006006 seconds.
Begin MonoManager ReloadAssembly
Native extension for WindowsStandalone target not found
Native extension for WebGL target not found
Refreshing native plugins compatible for Editor in 0.55 ms, found 3 plugins.
Preloading 0 native plugins for Editor in 0.00 ms.
Mono: successfully reloaded assembly
- Completed reload, in  1.452 seconds
Domain Reload Profiling:
	ReloadAssembly (1452ms)
		BeginReloadAssembly (194ms)
			ExecutionOrderSort (0ms)
			DisableScriptedObjects (7ms)
			BackupInstance (0ms)
			ReleaseScriptingObjects (0ms)
			CreateAndSetChildDomain (40ms)
		EndReloadAssembly (1107ms)
			LoadAssemblies (173ms)
			RebuildTransferFunctionScriptingTraits (0ms)
			SetupTypeCache (369ms)
			ReleaseScriptCaches (1ms)
			RebuildScriptCaches (53ms)
			SetupLoadedEditorAssemblies (423ms)
				LogAssemblyErrors (0ms)
				InitializePlatformSupportModulesInManaged (9ms)
				SetLoadedEditorAssemblies (1ms)
				RefreshPlugins (1ms)
				BeforeProcessingInitializeOnLoad (105ms)
				ProcessInitializeOnLoadAttributes (285ms)
				ProcessInitializeOnLoadMethodAttributes (6ms)
				AfterProcessingInitializeOnLoad (16ms)
				EditorAssembliesLoaded (0ms)
			ExecutionOrderSort2 (0ms)
			AwakeInstancesAfterBackupRestoration (12ms)
Platform modules already initialized, skipping
Refreshing native plugins compatible for Editor in 0.52 ms, found 3 plugins.
Preloading 0 native plugins for Editor in 0.00 ms.
Unloading 2088 Unused Serialized files (Serialized files now loaded: 0)
System memory in use before: 98.4 MB.
System memory in use after: 98.5 MB.

Unloading 14 unused Assets to reduce memory usage. Loaded Objects now: 2566.
Total: 3.364600 ms (FindLiveObjects: 0.194200 ms CreateObjectMapping: 0.088000 ms MarkObjects: 3.047300 ms  DeleteObjects: 0.034100 ms)

AssetImportParameters requested are different than current active one (requested -> active):
  custom:framework-win-MediaFoundation: 216162199b28c13a410421893ffa2e32 -> 
  custom:video-decoder-ogg-theora: a1e56fd34408186e4bbccfd4996cb3dc -> 
  custom:container-muxer-webm: aa71ff27fc2769a1b78a27578f13a17b -> 
  custom:container-demuxer-webm: 4f35f7cbe854078d1ac9338744f61a02 -> 
  custom:container-demuxer-ogg: 62fdf1f143b41e24485cea50d1cbac27 -> 
  custom:video-encoder-webm-vp8: eb34c28f22e8b96e1ab97ce403110664 -> 
  custom:video-codec-MediaFoundation-h265: 746d11721c4dcdbdad8f713fa42b33f4 -> 
  custom:video-decoder-webm-vp8: 9c59270c3fd7afecdb556c50c9e8de78 -> 
  custom:audio-decoder-ogg-vorbis: bf7c407c2cedff20999df2af8eb42d56 -> 
  custom:audio-encoder-webm-vorbis: bf7c407c2cedff20999df2af8eb42d56 -> 
========================================================================
Received Prepare
Registering precompiled user dll's ...
Registered in 0.005132 seconds.
Begin MonoManager ReloadAssembly
Native extension for WindowsStandalone target not found
Native extension for WebGL target not found
Refreshing native plugins compatible for Editor in 0.57 ms, found 3 plugins.
Preloading 0 native plugins for Editor in 0.00 ms.
Mono: successfully reloaded assembly
- Completed reload, in  1.491 seconds
Domain Reload Profiling:
	ReloadAssembly (1492ms)
		BeginReloadAssembly (219ms)
			ExecutionOrderSort (0ms)
			DisableScriptedObjects (9ms)
			BackupInstance (0ms)
			ReleaseScriptingObjects (0ms)
			CreateAndSetChildDomain (40ms)
		EndReloadAssembly (1169ms)
			LoadAssemblies (215ms)
			RebuildTransferFunctionScriptingTraits (0ms)
			SetupTypeCache (366ms)
			ReleaseScriptCaches (2ms)
			RebuildScriptCaches (56ms)
			SetupLoadedEditorAssemblies (482ms)
				LogAssemblyErrors (0ms)
				InitializePlatformSupportModulesInManaged (9ms)
				SetLoadedEditorAssemblies (1ms)
				RefreshPlugins (1ms)
				BeforeProcessingInitializeOnLoad (109ms)
				ProcessInitializeOnLoadAttributes (334ms)
				ProcessInitializeOnLoadMethodAttributes (8ms)
				AfterProcessingInitializeOnLoad (19ms)
				EditorAssembliesLoaded (0ms)
			ExecutionOrderSort2 (0ms)
			AwakeInstancesAfterBackupRestoration (13ms)
Platform modules already initialized, skipping
Refreshing native plugins compatible for Editor in 0.52 ms, found 3 plugins.
Preloading 0 native plugins for Editor in 0.00 ms.
Unloading 2088 Unused Serialized files (Serialized files now loaded: 0)
System memory in use before: 98.4 MB.
System memory in use after: 98.5 MB.

Unloading 14 unused Assets to reduce memory usage. Loaded Objects now: 2569.
Total: 4.015600 ms (FindLiveObjects: 0.190900 ms CreateObjectMapping: 0.084700 ms MarkObjects: 3.692900 ms  DeleteObjects: 0.045700 ms)

AssetImportParameters requested are different than current active one (requested -> active):
  custom:framework-win-MediaFoundation: 216162199b28c13a410421893ffa2e32 -> 
  custom:video-decoder-ogg-theora: a1e56fd34408186e4bbccfd4996cb3dc -> 
  custom:container-muxer-webm: aa71ff27fc2769a1b78a27578f13a17b -> 
  custom:container-demuxer-webm: 4f35f7cbe854078d1ac9338744f61a02 -> 
  custom:container-demuxer-ogg: 62fdf1f143b41e24485cea50d1cbac27 -> 
  custom:video-encoder-webm-vp8: eb34c28f22e8b96e1ab97ce403110664 -> 
  custom:video-codec-MediaFoundation-h265: 746d11721c4dcdbdad8f713fa42b33f4 -> 
  custom:video-decoder-webm-vp8: 9c59270c3fd7afecdb556c50c9e8de78 -> 
  custom:audio-decoder-ogg-vorbis: bf7c407c2cedff20999df2af8eb42d56 -> 
  custom:audio-encoder-webm-vorbis: bf7c407c2cedff20999df2af8eb42d56 -> 
========================================================================
Received Prepare
Registering precompiled user dll's ...
Registered in 0.004308 seconds.
Begin MonoManager ReloadAssembly
Native extension for WindowsStandalone target not found
Native extension for WebGL target not found
Refreshing native plugins compatible for Editor in 0.82 ms, found 3 plugins.
Preloading 0 native plugins for Editor in 0.00 ms.
Mono: successfully reloaded assembly
- Completed reload, in  1.439 seconds
Domain Reload Profiling:
	ReloadAssembly (1440ms)
		BeginReloadAssembly (188ms)
			ExecutionOrderSort (0ms)
			DisableScriptedObjects (12ms)
			BackupInstance (0ms)
			ReleaseScriptingObjects (0ms)
			CreateAndSetChildDomain (44ms)
		EndReloadAssembly (1157ms)
			LoadAssemblies (179ms)
			RebuildTransferFunctionScriptingTraits (0ms)
			SetupTypeCache (350ms)
			ReleaseScriptCaches (1ms)
			RebuildScriptCaches (48ms)
			SetupLoadedEditorAssemblies (444ms)
				LogAssemblyErrors (0ms)
				InitializePlatformSupportModulesInManaged (11ms)
				SetLoadedEditorAssemblies (1ms)
				RefreshPlugins (1ms)
				BeforeProcessingInitializeOnLoad (109ms)
				ProcessInitializeOnLoadAttributes (291ms)
				ProcessInitializeOnLoadMethodAttributes (9ms)
				AfterProcessingInitializeOnLoad (22ms)
				EditorAssembliesLoaded (0ms)
			ExecutionOrderSort2 (0ms)
			AwakeInstancesAfterBackupRestoration (15ms)
Platform modules already initialized, skipping
Refreshing native plugins compatible for Editor in 0.74 ms, found 3 plugins.
Preloading 0 native plugins for Editor in 0.00 ms.
Unloading 2088 Unused Serialized files (Serialized files now loaded: 0)
System memory in use before: 98.4 MB.
System memory in use after: 98.5 MB.

Unloading 14 unused Assets to reduce memory usage. Loaded Objects now: 2572.
Total: 4.520400 ms (FindLiveObjects: 0.435000 ms CreateObjectMapping: 0.204900 ms MarkObjects: 3.831900 ms  DeleteObjects: 0.047100 ms)

AssetImportParameters requested are different than current active one (requested -> active):
  custom:framework-win-MediaFoundation: 216162199b28c13a410421893ffa2e32 -> 
  custom:video-decoder-ogg-theora: a1e56fd34408186e4bbccfd4996cb3dc -> 
  custom:container-muxer-webm: aa71ff27fc2769a1b78a27578f13a17b -> 
  custom:container-demuxer-webm: 4f35f7cbe854078d1ac9338744f61a02 -> 
  custom:container-demuxer-ogg: 62fdf1f143b41e24485cea50d1cbac27 -> 
  custom:video-encoder-webm-vp8: eb34c28f22e8b96e1ab97ce403110664 -> 
  custom:video-codec-MediaFoundation-h265: 746d11721c4dcdbdad8f713fa42b33f4 -> 
  custom:video-decoder-webm-vp8: 9c59270c3fd7afecdb556c50c9e8de78 -> 
  custom:audio-decoder-ogg-vorbis: bf7c407c2cedff20999df2af8eb42d56 -> 
  custom:audio-encoder-webm-vorbis: bf7c407c2cedff20999df2af8eb42d56 -> 
========================================================================
Received Prepare
Registering precompiled user dll's ...
Registered in 0.003731 seconds.
Begin MonoManager ReloadAssembly
Native extension for WindowsStandalone target not found
Native extension for WebGL target not found
Refreshing native plugins compatible for Editor in 0.65 ms, found 3 plugins.
Preloading 0 native plugins for Editor in 0.00 ms.
Mono: successfully reloaded assembly
- Completed reload, in  1.416 seconds
Domain Reload Profiling:
	ReloadAssembly (1416ms)
		BeginReloadAssembly (223ms)
			ExecutionOrderSort (0ms)
			DisableScriptedObjects (9ms)
			BackupInstance (0ms)
			ReleaseScriptingObjects (0ms)
			CreateAndSetChildDomain (53ms)
		EndReloadAssembly (1038ms)
			LoadAssemblies (204ms)
			RebuildTransferFunctionScriptingTraits (0ms)
			SetupTypeCache (345ms)
			ReleaseScriptCaches (2ms)
			RebuildScriptCaches (63ms)
			SetupLoadedEditorAssemblies (360ms)
				LogAssemblyErrors (0ms)
				InitializePlatformSupportModulesInManaged (7ms)
				SetLoadedEditorAssemblies (2ms)
				RefreshPlugins (1ms)
				BeforeProcessingInitializeOnLoad (105ms)
				ProcessInitializeOnLoadAttributes (224ms)
				ProcessInitializeOnLoadMethodAttributes (5ms)
				AfterProcessingInitializeOnLoad (15ms)
				EditorAssembliesLoaded (0ms)
			ExecutionOrderSort2 (0ms)
			AwakeInstancesAfterBackupRestoration (12ms)
Platform modules already initialized, skipping
Refreshing native plugins compatible for Editor in 0.59 ms, found 3 plugins.
Preloading 0 native plugins for Editor in 0.00 ms.
Unloading 2088 Unused Serialized files (Serialized files now loaded: 0)
System memory in use before: 98.4 MB.
System memory in use after: 98.6 MB.

Unloading 14 unused Assets to reduce memory usage. Loaded Objects now: 2575.
Total: 4.561800 ms (FindLiveObjects: 0.210300 ms CreateObjectMapping: 0.076200 ms MarkObjects: 4.208600 ms  DeleteObjects: 0.065300 ms)

AssetImportParameters requested are different than current active one (requested -> active):
  custom:framework-win-MediaFoundation: 216162199b28c13a410421893ffa2e32 -> 
  custom:video-decoder-ogg-theora: a1e56fd34408186e4bbccfd4996cb3dc -> 
  custom:container-muxer-webm: aa71ff27fc2769a1b78a27578f13a17b -> 
  custom:container-demuxer-webm: 4f35f7cbe854078d1ac9338744f61a02 -> 
  custom:container-demuxer-ogg: 62fdf1f143b41e24485cea50d1cbac27 -> 
  custom:video-encoder-webm-vp8: eb34c28f22e8b96e1ab97ce403110664 -> 
  custom:video-codec-MediaFoundation-h265: 746d11721c4dcdbdad8f713fa42b33f4 -> 
  custom:video-decoder-webm-vp8: 9c59270c3fd7afecdb556c50c9e8de78 -> 
  custom:audio-decoder-ogg-vorbis: bf7c407c2cedff20999df2af8eb42d56 -> 
  custom:audio-encoder-webm-vorbis: bf7c407c2cedff20999df2af8eb42d56 -> 
========================================================================
Received Prepare
Registering precompiled user dll's ...
Registered in 0.004077 seconds.
Begin MonoManager ReloadAssembly
Native extension for WindowsStandalone target not found
Native extension for WebGL target not found
Refreshing native plugins compatible for Editor in 0.97 ms, found 3 plugins.
Preloading 0 native plugins for Editor in 0.00 ms.
Mono: successfully reloaded assembly
- Completed reload, in  1.503 seconds
Domain Reload Profiling:
	ReloadAssembly (1503ms)
		BeginReloadAssembly (177ms)
			ExecutionOrderSort (0ms)
			DisableScriptedObjects (8ms)
			BackupInstance (0ms)
			ReleaseScriptingObjects (0ms)
			CreateAndSetChildDomain (40ms)
		EndReloadAssembly (1232ms)
			LoadAssemblies (165ms)
			RebuildTransferFunctionScriptingTraits (0ms)
			SetupTypeCache (418ms)
			ReleaseScriptCaches (1ms)
			RebuildScriptCaches (52ms)
			SetupLoadedEditorAssemblies (458ms)
				LogAssemblyErrors (0ms)
				InitializePlatformSupportModulesInManaged (7ms)
				SetLoadedEditorAssemblies (2ms)
				RefreshPlugins (1ms)
				BeforeProcessingInitializeOnLoad (143ms)
				ProcessInitializeOnLoadAttributes (280ms)
				ProcessInitializeOnLoadMethodAttributes (7ms)
				AfterProcessingInitializeOnLoad (17ms)
				EditorAssembliesLoaded (0ms)
			ExecutionOrderSort2 (0ms)
			AwakeInstancesAfterBackupRestoration (15ms)
Platform modules already initialized, skipping
Refreshing native plugins compatible for Editor in 0.69 ms, found 3 plugins.
Preloading 0 native plugins for Editor in 0.00 ms.
Unloading 2088 Unused Serialized files (Serialized files now loaded: 0)
System memory in use before: 98.5 MB.
System memory in use after: 98.6 MB.

Unloading 14 unused Assets to reduce memory usage. Loaded Objects now: 2578.
Total: 4.551200 ms (FindLiveObjects: 0.201600 ms CreateObjectMapping: 0.169400 ms MarkObjects: 4.144000 ms  DeleteObjects: 0.035100 ms)

AssetImportParameters requested are different than current active one (requested -> active):
  custom:framework-win-MediaFoundation: 216162199b28c13a410421893ffa2e32 -> 
  custom:video-decoder-ogg-theora: a1e56fd34408186e4bbccfd4996cb3dc -> 
  custom:container-muxer-webm: aa71ff27fc2769a1b78a27578f13a17b -> 
  custom:container-demuxer-webm: 4f35f7cbe854078d1ac9338744f61a02 -> 
  custom:container-demuxer-ogg: 62fdf1f143b41e24485cea50d1cbac27 -> 
  custom:video-encoder-webm-vp8: eb34c28f22e8b96e1ab97ce403110664 -> 
  custom:video-codec-MediaFoundation-h265: 746d11721c4dcdbdad8f713fa42b33f4 -> 
  custom:video-decoder-webm-vp8: 9c59270c3fd7afecdb556c50c9e8de78 -> 
  custom:audio-decoder-ogg-vorbis: bf7c407c2cedff20999df2af8eb42d56 -> 
  custom:audio-encoder-webm-vorbis: bf7c407c2cedff20999df2af8eb42d56 -> 
========================================================================
Received Prepare
Registering precompiled user dll's ...
Registered in 0.003774 seconds.
Begin MonoManager ReloadAssembly
Native extension for WindowsStandalone target not found
Native extension for WebGL target not found
Refreshing native plugins compatible for Editor in 0.59 ms, found 3 plugins.
Preloading 0 native plugins for Editor in 0.00 ms.
Mono: successfully reloaded assembly
- Completed reload, in  1.519 seconds
Domain Reload Profiling:
	ReloadAssembly (1520ms)
		BeginReloadAssembly (179ms)
			ExecutionOrderSort (0ms)
			DisableScriptedObjects (6ms)
			BackupInstance (0ms)
			ReleaseScriptingObjects (0ms)
			CreateAndSetChildDomain (39ms)
		EndReloadAssembly (1225ms)
			LoadAssemblies (161ms)
			RebuildTransferFunctionScriptingTraits (0ms)
			SetupTypeCache (398ms)
			ReleaseScriptCaches (1ms)
			RebuildScriptCaches (58ms)
			SetupLoadedEditorAssemblies (477ms)
				LogAssemblyErrors (0ms)
				InitializePlatformSupportModulesInManaged (8ms)
				SetLoadedEditorAssemblies (0ms)
				RefreshPlugins (1ms)
				BeforeProcessingInitializeOnLoad (126ms)
				ProcessInitializeOnLoadAttributes (309ms)
				ProcessInitializeOnLoadMethodAttributes (9ms)
				AfterProcessingInitializeOnLoad (25ms)
				EditorAssembliesLoaded (0ms)
			ExecutionOrderSort2 (0ms)
			AwakeInstancesAfterBackupRestoration (17ms)
Platform modules already initialized, skipping
Refreshing native plugins compatible for Editor in 0.60 ms, found 3 plugins.
Preloading 0 native plugins for Editor in 0.00 ms.
Unloading 2088 Unused Serialized files (Serialized files now loaded: 0)
System memory in use before: 98.5 MB.
System memory in use after: 98.6 MB.

Unloading 14 unused Assets to reduce memory usage. Loaded Objects now: 2581.
Total: 3.951500 ms (FindLiveObjects: 0.240000 ms CreateObjectMapping: 0.102000 ms MarkObjects: 3.590000 ms  DeleteObjects: 0.018300 ms)

AssetImportParameters requested are different than current active one (requested -> active):
  custom:framework-win-MediaFoundation: 216162199b28c13a410421893ffa2e32 -> 
  custom:video-decoder-ogg-theora: a1e56fd34408186e4bbccfd4996cb3dc -> 
  custom:container-muxer-webm: aa71ff27fc2769a1b78a27578f13a17b -> 
  custom:container-demuxer-webm: 4f35f7cbe854078d1ac9338744f61a02 -> 
  custom:container-demuxer-ogg: 62fdf1f143b41e24485cea50d1cbac27 -> 
  custom:video-encoder-webm-vp8: eb34c28f22e8b96e1ab97ce403110664 -> 
  custom:video-codec-MediaFoundation-h265: 746d11721c4dcdbdad8f713fa42b33f4 -> 
  custom:video-decoder-webm-vp8: 9c59270c3fd7afecdb556c50c9e8de78 -> 
  custom:audio-decoder-ogg-vorbis: bf7c407c2cedff20999df2af8eb42d56 -> 
  custom:audio-encoder-webm-vorbis: bf7c407c2cedff20999df2af8eb42d56 -> 
========================================================================
Received Prepare
Registering precompiled user dll's ...
Registered in 0.004571 seconds.
Begin MonoManager ReloadAssembly
Native extension for WindowsStandalone target not found
Native extension for WebGL target not found
Refreshing native plugins compatible for Editor in 0.63 ms, found 3 plugins.
Preloading 0 native plugins for Editor in 0.00 ms.
Mono: successfully reloaded assembly
- Completed reload, in  1.476 seconds
Domain Reload Profiling:
	ReloadAssembly (1477ms)
		BeginReloadAssembly (193ms)
			ExecutionOrderSort (0ms)
			DisableScriptedObjects (7ms)
			BackupInstance (0ms)
			ReleaseScriptingObjects (0ms)
			CreateAndSetChildDomain (38ms)
		EndReloadAssembly (1189ms)
			LoadAssemblies (191ms)
			RebuildTransferFunctionScriptingTraits (0ms)
			SetupTypeCache (464ms)
			ReleaseScriptCaches (1ms)
			RebuildScriptCaches (53ms)
			SetupLoadedEditorAssemblies (390ms)
				LogAssemblyErrors (0ms)
				InitializePlatformSupportModulesInManaged (7ms)
				SetLoadedEditorAssemblies (2ms)
				RefreshPlugins (1ms)
				BeforeProcessingInitializeOnLoad (108ms)
				ProcessInitializeOnLoadAttributes (250ms)
				ProcessInitializeOnLoadMethodAttributes (6ms)
				AfterProcessingInitializeOnLoad (16ms)
				EditorAssembliesLoaded (0ms)
			ExecutionOrderSort2 (0ms)
			AwakeInstancesAfterBackupRestoration (13ms)
Platform modules already initialized, skipping
Refreshing native plugins compatible for Editor in 0.53 ms, found 3 plugins.
Preloading 0 native plugins for Editor in 0.00 ms.
Unloading 2088 Unused Serialized files (Serialized files now loaded: 0)
System memory in use before: 98.5 MB.
System memory in use after: 98.6 MB.

Unloading 14 unused Assets to reduce memory usage. Loaded Objects now: 2584.
Total: 4.232200 ms (FindLiveObjects: 0.200400 ms CreateObjectMapping: 0.072600 ms MarkObjects: 3.906300 ms  DeleteObjects: 0.051600 ms)

AssetImportParameters requested are different than current active one (requested -> active):
  custom:framework-win-MediaFoundation: 216162199b28c13a410421893ffa2e32 -> 
  custom:video-decoder-ogg-theora: a1e56fd34408186e4bbccfd4996cb3dc -> 
  custom:container-muxer-webm: aa71ff27fc2769a1b78a27578f13a17b -> 
  custom:container-demuxer-webm: 4f35f7cbe854078d1ac9338744f61a02 -> 
  custom:container-demuxer-ogg: 62fdf1f143b41e24485cea50d1cbac27 -> 
  custom:video-encoder-webm-vp8: eb34c28f22e8b96e1ab97ce403110664 -> 
  custom:video-codec-MediaFoundation-h265: 746d11721c4dcdbdad8f713fa42b33f4 -> 
  custom:video-decoder-webm-vp8: 9c59270c3fd7afecdb556c50c9e8de78 -> 
  custom:audio-decoder-ogg-vorbis: bf7c407c2cedff20999df2af8eb42d56 -> 
  custom:audio-encoder-webm-vorbis: bf7c407c2cedff20999df2af8eb42d56 -> 
========================================================================
Received Prepare
Registering precompiled user dll's ...
Registered in 0.006422 seconds.
Begin MonoManager ReloadAssembly
Native extension for WindowsStandalone target not found
Native extension for WebGL target not found
Refreshing native plugins compatible for Editor in 0.54 ms, found 3 plugins.
Preloading 0 native plugins for Editor in 0.00 ms.
Mono: successfully reloaded assembly
- Completed reload, in  1.400 seconds
Domain Reload Profiling:
	ReloadAssembly (1401ms)
		BeginReloadAssembly (218ms)
			ExecutionOrderSort (0ms)
			DisableScriptedObjects (7ms)
			BackupInstance (0ms)
			ReleaseScriptingObjects (0ms)
			CreateAndSetChildDomain (37ms)
		EndReloadAssembly (1071ms)
			LoadAssemblies (223ms)
			RebuildTransferFunctionScriptingTraits (0ms)
			SetupTypeCache (353ms)
			ReleaseScriptCaches (1ms)
			RebuildScriptCaches (53ms)
			SetupLoadedEditorAssemblies (392ms)
				LogAssemblyErrors (0ms)
				InitializePlatformSupportModulesInManaged (7ms)
				SetLoadedEditorAssemblies (1ms)
				RefreshPlugins (1ms)
				BeforeProcessingInitializeOnLoad (99ms)
				ProcessInitializeOnLoadAttributes (263ms)
				ProcessInitializeOnLoadMethodAttributes (6ms)
				AfterProcessingInitializeOnLoad (16ms)
				EditorAssembliesLoaded (0ms)
			ExecutionOrderSort2 (0ms)
			AwakeInstancesAfterBackupRestoration (14ms)
Platform modules already initialized, skipping
Refreshing native plugins compatible for Editor in 0.54 ms, found 3 plugins.
Preloading 0 native plugins for Editor in 0.00 ms.
Unloading 2088 Unused Serialized files (Serialized files now loaded: 0)
System memory in use before: 98.5 MB.
System memory in use after: 98.6 MB.

Unloading 14 unused Assets to reduce memory usage. Loaded Objects now: 2587.
Total: 5.002500 ms (FindLiveObjects: 0.213800 ms CreateObjectMapping: 0.133800 ms MarkObjects: 4.599400 ms  DeleteObjects: 0.053900 ms)

AssetImportParameters requested are different than current active one (requested -> active):
  custom:framework-win-MediaFoundation: 216162199b28c13a410421893ffa2e32 -> 
  custom:video-decoder-ogg-theora: a1e56fd34408186e4bbccfd4996cb3dc -> 
  custom:container-muxer-webm: aa71ff27fc2769a1b78a27578f13a17b -> 
  custom:container-demuxer-webm: 4f35f7cbe854078d1ac9338744f61a02 -> 
  custom:container-demuxer-ogg: 62fdf1f143b41e24485cea50d1cbac27 -> 
  custom:video-encoder-webm-vp8: eb34c28f22e8b96e1ab97ce403110664 -> 
  custom:video-codec-MediaFoundation-h265: 746d11721c4dcdbdad8f713fa42b33f4 -> 
  custom:video-decoder-webm-vp8: 9c59270c3fd7afecdb556c50c9e8de78 -> 
  custom:audio-decoder-ogg-vorbis: bf7c407c2cedff20999df2af8eb42d56 -> 
  custom:audio-encoder-webm-vorbis: bf7c407c2cedff20999df2af8eb42d56 -> 
AssetImportWorkerClient::OnTransportError - code=2 error=End of file
