Using pre-set license
Built from '2020.3/staging' branch; Version is '2020.3.18f1 (a7d1c678663c) revision 10998214'; Using compiler version '192528614'; Build Type 'Release'
OS: 'Windows 10 Home; OS build 19044.1706; Version 2009; 64bit' Language: 'ko' Physical Memory: 8106 MB
BatchMode: 1, IsHumanControllingUs: 0, StartBugReporterOnCrash: 0, Is64bit: 1, IsPro: 0

COMMAND LINE ARGUMENTS:
C:\Program Files\Unity\Hub\Editor\2020.3.18f1\Editor\Unity.exe
-adb2
-batchMode
-noUpm
-name
AssetImportWorker0
-projectPath
D:/Unity/ServeOrDie/ServeOrDie_Project
-logFile
Logs/AssetImportWorker0.log
-srvPort
57025
Successfully changed project path to: D:/Unity/ServeOrDie/ServeOrDie_Project
D:/Unity/ServeOrDie/ServeOrDie_Project
Using Asset Import Pipeline V2.
Refreshing native plugins compatible for Editor in 65.35 ms, found 3 plugins.
Preloading 0 native plugins for Editor in 0.00 ms.
Initialize engine version: 2020.3.18f1 (a7d1c678663c)
[Subsystems] Discovering subsystems at path C:/Program Files/Unity/Hub/Editor/2020.3.18f1/Editor/Data/Resources/UnitySubsystems
[Subsystems] Discovering subsystems at path D:/Unity/ServeOrDie/ServeOrDie_Project/Assets
GfxDevice: creating device client; threaded=0
Direct3D:
    Version:  Direct3D 11.0 [level 11.1]
    Renderer: NVIDIA GeForce GTX 1050 Ti (ID=0x1c8c)
    Vendor:   
    VRAM:     4018 MB
    Driver:   24.21.13.9907
Initialize mono
Mono path[0] = 'C:/Program Files/Unity/Hub/Editor/2020.3.18f1/Editor/Data/Managed'
Mono path[1] = 'C:/Program Files/Unity/Hub/Editor/2020.3.18f1/Editor/Data/MonoBleedingEdge/lib/mono/unityjit'
Mono config path = 'C:/Program Files/Unity/Hub/Editor/2020.3.18f1/Editor/Data/MonoBleedingEdge/etc'
Using monoOptions --debugger-agent=transport=dt_socket,embedding=1,server=y,suspend=n,address=127.0.0.1:56024
Begin MonoManager ReloadAssembly
Registering precompiled unity dll's ...
Register platform support module: C:/Program Files/Unity/Hub/Editor/2020.3.18f1/Editor/Data/PlaybackEngines/WebGLSupport/UnityEditor.WebGL.Extensions.dll
Register platform support module: C:/Program Files/Unity/Hub/Editor/2020.3.18f1/Editor/Data/PlaybackEngines/WindowsStandaloneSupport/UnityEditor.WindowsStandalone.Extensions.dll
Registered in 0.008555 seconds.
Native extension for WindowsStandalone target not found
Native extension for WebGL target not found
Refreshing native plugins compatible for Editor in 150.56 ms, found 3 plugins.
Preloading 0 native plugins for Editor in 0.00 ms.
Mono: successfully reloaded assembly
- Completed reload, in  3.625 seconds
Domain Reload Profiling:
	ReloadAssembly (3626ms)
		BeginReloadAssembly (97ms)
			ExecutionOrderSort (0ms)
			DisableScriptedObjects (0ms)
			BackupInstance (0ms)
			ReleaseScriptingObjects (0ms)
			CreateAndSetChildDomain (1ms)
		EndReloadAssembly (779ms)
			LoadAssemblies (95ms)
			RebuildTransferFunctionScriptingTraits (0ms)
			SetupTypeCache (236ms)
			ReleaseScriptCaches (0ms)
			RebuildScriptCaches (48ms)
			SetupLoadedEditorAssemblies (364ms)
				LogAssemblyErrors (0ms)
				InitializePlatformSupportModulesInManaged (8ms)
				SetLoadedEditorAssemblies (0ms)
				RefreshPlugins (151ms)
				BeforeProcessingInitializeOnLoad (35ms)
				ProcessInitializeOnLoadAttributes (133ms)
				ProcessInitializeOnLoadMethodAttributes (36ms)
				AfterProcessingInitializeOnLoad (0ms)
				EditorAssembliesLoaded (0ms)
			ExecutionOrderSort2 (0ms)
			AwakeInstancesAfterBackupRestoration (0ms)
Platform modules already initialized, skipping
Registering precompiled user dll's ...
Registered in 0.005919 seconds.
Begin MonoManager ReloadAssembly
Native extension for WindowsStandalone target not found
Native extension for WebGL target not found
Refreshing native plugins compatible for Editor in 69.30 ms, found 3 plugins.
Preloading 0 native plugins for Editor in 0.00 ms.
Mono: successfully reloaded assembly
- Completed reload, in  1.878 seconds
Domain Reload Profiling:
	ReloadAssembly (1879ms)
		BeginReloadAssembly (236ms)
			ExecutionOrderSort (0ms)
			DisableScriptedObjects (7ms)
			BackupInstance (0ms)
			ReleaseScriptingObjects (0ms)
			CreateAndSetChildDomain (25ms)
		EndReloadAssembly (1525ms)
			LoadAssemblies (197ms)
			RebuildTransferFunctionScriptingTraits (0ms)
			SetupTypeCache (492ms)
			ReleaseScriptCaches (1ms)
			RebuildScriptCaches (69ms)
			SetupLoadedEditorAssemblies (601ms)
				LogAssemblyErrors (0ms)
				InitializePlatformSupportModulesInManaged (7ms)
				SetLoadedEditorAssemblies (0ms)
				RefreshPlugins (69ms)
				BeforeProcessingInitializeOnLoad (160ms)
				ProcessInitializeOnLoadAttributes (317ms)
				ProcessInitializeOnLoadMethodAttributes (27ms)
				AfterProcessingInitializeOnLoad (19ms)
				EditorAssembliesLoaded (0ms)
			ExecutionOrderSort2 (0ms)
			AwakeInstancesAfterBackupRestoration (10ms)
Platform modules already initialized, skipping
========================================================================
Worker process is ready to serve import requests
Launched and connected shader compiler UnityShaderCompiler.exe after 0.12 seconds
Refreshing native plugins compatible for Editor in 0.83 ms, found 3 plugins.
Preloading 0 native plugins for Editor in 0.00 ms.
Unloading 2103 Unused Serialized files (Serialized files now loaded: 0)
System memory in use before: 96.0 MB.
System memory in use after: 96.0 MB.

Unloading 26 unused Assets to reduce memory usage. Loaded Objects now: 2543.
Total: 4.791300 ms (FindLiveObjects: 0.264600 ms CreateObjectMapping: 0.118900 ms MarkObjects: 4.304800 ms  DeleteObjects: 0.101000 ms)

AssetImportParameters requested are different than current active one (requested -> active):
  custom:framework-win-MediaFoundation: 216162199b28c13a410421893ffa2e32 -> 
  custom:video-decoder-ogg-theora: a1e56fd34408186e4bbccfd4996cb3dc -> 
  custom:container-muxer-webm: aa71ff27fc2769a1b78a27578f13a17b -> 
  custom:container-demuxer-webm: 4f35f7cbe854078d1ac9338744f61a02 -> 
  custom:container-demuxer-ogg: 62fdf1f143b41e24485cea50d1cbac27 -> 
  custom:video-encoder-webm-vp8: eb34c28f22e8b96e1ab97ce403110664 -> 
  custom:video-codec-MediaFoundation-h265: 746d11721c4dcdbdad8f713fa42b33f4 -> 
  custom:video-decoder-webm-vp8: 9c59270c3fd7afecdb556c50c9e8de78 -> 
  custom:audio-decoder-ogg-vorbis: bf7c407c2cedff20999df2af8eb42d56 -> 
  custom:audio-encoder-webm-vorbis: bf7c407c2cedff20999df2af8eb42d56 -> 
========================================================================
Received Import Request.
  path: Assets/Scripts/BulletController.cs
  artifactKey: Guid(6c47509abf2573e4d991bcf91b5493e4) Importer(815301076,1909f56bfc062723c751e8b465ee728b)
Start importing Assets/Scripts/BulletController.cs using Guid(6c47509abf2573e4d991bcf91b5493e4) Importer(815301076,1909f56bfc062723c751e8b465ee728b)  -> (artifact id: '5141d6e0f8c9a16a9a1018ca3730625b') in 0.117844 seconds 
  Import took 0.186133 seconds .

========================================================================
Received Prepare
Registering precompiled user dll's ...
Registered in 0.064184 seconds.
Begin MonoManager ReloadAssembly
Native extension for WindowsStandalone target not found
Native extension for WebGL target not found
Refreshing native plugins compatible for Editor in 0.52 ms, found 3 plugins.
Preloading 0 native plugins for Editor in 0.00 ms.
Mono: successfully reloaded assembly
- Completed reload, in  1.337 seconds
Domain Reload Profiling:
	ReloadAssembly (1338ms)
		BeginReloadAssembly (180ms)
			ExecutionOrderSort (0ms)
			DisableScriptedObjects (7ms)
			BackupInstance (0ms)
			ReleaseScriptingObjects (0ms)
			CreateAndSetChildDomain (46ms)
		EndReloadAssembly (1073ms)
			LoadAssemblies (160ms)
			RebuildTransferFunctionScriptingTraits (0ms)
			SetupTypeCache (360ms)
			ReleaseScriptCaches (1ms)
			RebuildScriptCaches (50ms)
			SetupLoadedEditorAssemblies (399ms)
				LogAssemblyErrors (0ms)
				InitializePlatformSupportModulesInManaged (10ms)
				SetLoadedEditorAssemblies (1ms)
				RefreshPlugins (1ms)
				BeforeProcessingInitializeOnLoad (112ms)
				ProcessInitializeOnLoadAttributes (253ms)
				ProcessInitializeOnLoadMethodAttributes (7ms)
				AfterProcessingInitializeOnLoad (15ms)
				EditorAssembliesLoaded (0ms)
			ExecutionOrderSort2 (0ms)
			AwakeInstancesAfterBackupRestoration (13ms)
Platform modules already initialized, skipping
Refreshing native plugins compatible for Editor in 1.04 ms, found 3 plugins.
Preloading 0 native plugins for Editor in 0.00 ms.
Unloading 2092 Unused Serialized files (Serialized files now loaded: 0)
System memory in use before: 95.4 MB.
System memory in use after: 95.5 MB.

Unloading 14 unused Assets to reduce memory usage. Loaded Objects now: 2546.
Total: 5.592900 ms (FindLiveObjects: 0.374900 ms CreateObjectMapping: 0.191500 ms MarkObjects: 4.975700 ms  DeleteObjects: 0.048900 ms)

AssetImportParameters requested are different than current active one (requested -> active):
  custom:framework-win-MediaFoundation: 216162199b28c13a410421893ffa2e32 -> 
  custom:video-decoder-ogg-theora: a1e56fd34408186e4bbccfd4996cb3dc -> 
  custom:container-muxer-webm: aa71ff27fc2769a1b78a27578f13a17b -> 
  custom:container-demuxer-webm: 4f35f7cbe854078d1ac9338744f61a02 -> 
  custom:container-demuxer-ogg: 62fdf1f143b41e24485cea50d1cbac27 -> 
  custom:video-encoder-webm-vp8: eb34c28f22e8b96e1ab97ce403110664 -> 
  custom:video-codec-MediaFoundation-h265: 746d11721c4dcdbdad8f713fa42b33f4 -> 
  custom:video-decoder-webm-vp8: 9c59270c3fd7afecdb556c50c9e8de78 -> 
  custom:audio-decoder-ogg-vorbis: bf7c407c2cedff20999df2af8eb42d56 -> 
  custom:audio-encoder-webm-vorbis: bf7c407c2cedff20999df2af8eb42d56 -> 
========================================================================
Received Import Request.
  Time since last request: 759.495699 seconds.
  path: Assets/Scripts/BulletController.cs
  artifactKey: Guid(6c47509abf2573e4d991bcf91b5493e4) Importer(815301076,1909f56bfc062723c751e8b465ee728b)
Start importing Assets/Scripts/BulletController.cs using Guid(6c47509abf2573e4d991bcf91b5493e4) Importer(815301076,1909f56bfc062723c751e8b465ee728b)  -> (artifact id: '238f35c50647509a23bc24614c0147c3') in 0.009743 seconds 
  Import took 0.013895 seconds .

========================================================================
Received Import Request.
  Time since last request: 12.543847 seconds.
  path: Assets/Assets/FreePixelFood/Sprite/Food
  artifactKey: Guid(6687ebfc2f4645345ad8aa4ed7dca3cd) Importer(815301076,1909f56bfc062723c751e8b465ee728b)
Start importing Assets/Assets/FreePixelFood/Sprite/Food using Guid(6687ebfc2f4645345ad8aa4ed7dca3cd) Importer(815301076,1909f56bfc062723c751e8b465ee728b)  -> (artifact id: '95a90ec91553dd4e40078858874c9d1f') in 0.013410 seconds 
  Import took 0.018687 seconds .

========================================================================
Received Import Request.
  Time since last request: 0.065457 seconds.
  path: Assets/Assets/FreePixelFood/Sprite/Food/Apple.png
  artifactKey: Guid(61d01e8616313344b978a6518fd86ed6) Importer(815301076,1909f56bfc062723c751e8b465ee728b)
Start importing Assets/Assets/FreePixelFood/Sprite/Food/Apple.png using Guid(61d01e8616313344b978a6518fd86ed6) Importer(815301076,1909f56bfc062723c751e8b465ee728b)  -> (artifact id: '8dc0096617e60af7e98d5bab31882fef') in 0.301287 seconds 
  Import took 0.306236 seconds .

========================================================================
Received Import Request.
  Time since last request: 0.000472 seconds.
  path: Assets/Assets/FreePixelFood/Sprite/Food/Olive.png
  artifactKey: Guid(8201bc85b4ce96745b431622ca8e7eb2) Importer(815301076,1909f56bfc062723c751e8b465ee728b)
Start importing Assets/Assets/FreePixelFood/Sprite/Food/Olive.png using Guid(8201bc85b4ce96745b431622ca8e7eb2) Importer(815301076,1909f56bfc062723c751e8b465ee728b)  -> (artifact id: '55420062bf1b2cf8c17ec184a92c96a9') in 0.141558 seconds 
  Import took 0.146125 seconds .

========================================================================
Received Import Request.
  Time since last request: 0.000576 seconds.
  path: Assets/Assets/FreePixelFood/Sprite/Food/Eggs.png
  artifactKey: Guid(9eaa6d95a1d94ed41866b52732c3f08b) Importer(815301076,1909f56bfc062723c751e8b465ee728b)
Start importing Assets/Assets/FreePixelFood/Sprite/Food/Eggs.png using Guid(9eaa6d95a1d94ed41866b52732c3f08b) Importer(815301076,1909f56bfc062723c751e8b465ee728b)  -> (artifact id: '7e52ae6fd199a286daa6ef4f11b4c827') in 0.044707 seconds 
  Import took 0.050371 seconds .

========================================================================
Received Import Request.
  Time since last request: 0.000402 seconds.
  path: Assets/Assets/FreePixelFood/Sprite/Food/FishSteak.png
  artifactKey: Guid(e340efa915ac807489393b116994f002) Importer(815301076,1909f56bfc062723c751e8b465ee728b)
Start importing Assets/Assets/FreePixelFood/Sprite/Food/FishSteak.png using Guid(e340efa915ac807489393b116994f002) Importer(815301076,1909f56bfc062723c751e8b465ee728b)  -> (artifact id: '5a36d62f0382c95b8ae095f1061c4728') in 0.037299 seconds 
  Import took 0.042056 seconds .

========================================================================
Received Import Request.
  Time since last request: 0.000549 seconds.
  path: Assets/Assets/FreePixelFood/Sprite/Food/MelonCantaloupe.png
  artifactKey: Guid(4dd71f5a6ba179e4a9fa772deb37fe01) Importer(815301076,1909f56bfc062723c751e8b465ee728b)
Start importing Assets/Assets/FreePixelFood/Sprite/Food/MelonCantaloupe.png using Guid(4dd71f5a6ba179e4a9fa772deb37fe01) Importer(815301076,1909f56bfc062723c751e8b465ee728b)  -> (artifact id: '1c91b184ee5f7dd26a9d0d827ecac1a0') in 0.054198 seconds 
  Import took 0.058680 seconds .

========================================================================
Received Import Request.
  Time since last request: 0.000425 seconds.
  path: Assets/Assets/FreePixelFood/Sprite/Food/Whiskey.png
  artifactKey: Guid(36c5c2d32d6e5834ebf3d84ae5c8b01e) Importer(815301076,1909f56bfc062723c751e8b465ee728b)
Start importing Assets/Assets/FreePixelFood/Sprite/Food/Whiskey.png using Guid(36c5c2d32d6e5834ebf3d84ae5c8b01e) Importer(815301076,1909f56bfc062723c751e8b465ee728b)  -> (artifact id: 'c6f6c1b2fae93c1eebd7cfa473d91149') in 0.061188 seconds 
  Import took 0.066094 seconds .

========================================================================
Received Import Request.
  Time since last request: 0.000351 seconds.
  path: Assets/Assets/FreePixelFood/Sprite/Food/AppleWorm.png
  artifactKey: Guid(8fa37c2c8b9bd654c96a4fae10f387a1) Importer(815301076,1909f56bfc062723c751e8b465ee728b)
Start importing Assets/Assets/FreePixelFood/Sprite/Food/AppleWorm.png using Guid(8fa37c2c8b9bd654c96a4fae10f387a1) Importer(815301076,1909f56bfc062723c751e8b465ee728b)  -> (artifact id: 'ff9f2927f7577c4db4fa192d9e6ad24c') in 0.031608 seconds 
  Import took 0.035792 seconds .

========================================================================
Received Import Request.
  Time since last request: 0.000406 seconds.
  path: Assets/Assets/FreePixelFood/Sprite/Food/Onion.png
  artifactKey: Guid(8fdcf9a56ea7d8a4fb2f76292efe48bf) Importer(815301076,1909f56bfc062723c751e8b465ee728b)
Start importing Assets/Assets/FreePixelFood/Sprite/Food/Onion.png using Guid(8fdcf9a56ea7d8a4fb2f76292efe48bf) Importer(815301076,1909f56bfc062723c751e8b465ee728b)  -> (artifact id: '4474e2011f478ffc62563646e6f51360') in 0.029624 seconds 
  Import took 0.035117 seconds .

========================================================================
Received Import Request.
  Time since last request: 0.000365 seconds.
  path: Assets/Assets/FreePixelFood/Sprite/Food/AppleWorm.png
  artifactKey: Guid(8fa37c2c8b9bd654c96a4fae10f387a1) Importer(815301076,1909f56bfc062723c751e8b465ee728b)
Start importing Assets/Assets/FreePixelFood/Sprite/Food/AppleWorm.png using Guid(8fa37c2c8b9bd654c96a4fae10f387a1) Importer(815301076,1909f56bfc062723c751e8b465ee728b)  -> (artifact id: 'ff9f2927f7577c4db4fa192d9e6ad24c') in 0.016841 seconds 
  Import took 0.022187 seconds .

========================================================================
Received Import Request.
  Time since last request: 0.000344 seconds.
  path: Assets/Assets/FreePixelFood/Sprite/Food/Stein.png
  artifactKey: Guid(476e92035edc51449bd19d577ba6eb7a) Importer(815301076,1909f56bfc062723c751e8b465ee728b)
Start importing Assets/Assets/FreePixelFood/Sprite/Food/Stein.png using Guid(476e92035edc51449bd19d577ba6eb7a) Importer(815301076,1909f56bfc062723c751e8b465ee728b)  -> (artifact id: 'a88482bf1b212f42a7d25514043e6944') in 0.040454 seconds 
  Import took 0.045900 seconds .

========================================================================
Received Import Request.
  Time since last request: 0.000354 seconds.
  path: Assets/Assets/FreePixelFood/Sprite/Food/Tomato.png
  artifactKey: Guid(bd166eb19a3cbf24194aec06da39cf2e) Importer(815301076,1909f56bfc062723c751e8b465ee728b)
Start importing Assets/Assets/FreePixelFood/Sprite/Food/Tomato.png using Guid(bd166eb19a3cbf24194aec06da39cf2e) Importer(815301076,1909f56bfc062723c751e8b465ee728b)  -> (artifact id: '55c3c72d55b1f3f9a0dbebe8245d4fcc') in 0.039779 seconds 
  Import took 0.045032 seconds .

========================================================================
Received Import Request.
  Time since last request: 0.000569 seconds.
  path: Assets/Assets/FreePixelFood/Sprite/Food/Sardines.png
  artifactKey: Guid(5bfdfc5f038e34446b5a50dde5817f9a) Importer(815301076,1909f56bfc062723c751e8b465ee728b)
Start importing Assets/Assets/FreePixelFood/Sprite/Food/Sardines.png using Guid(5bfdfc5f038e34446b5a50dde5817f9a) Importer(815301076,1909f56bfc062723c751e8b465ee728b)  -> (artifact id: '4d8e956cae9554a88029afda69f95350') in 0.039772 seconds 
  Import took 0.046104 seconds .

========================================================================
Received Import Request.
  Time since last request: 0.000367 seconds.
  path: Assets/Assets/FreePixelFood/Sprite/Food/Brownie.png
  artifactKey: Guid(d183b5f1a5cddc445a9e4277eec9b936) Importer(815301076,1909f56bfc062723c751e8b465ee728b)
Start importing Assets/Assets/FreePixelFood/Sprite/Food/Brownie.png using Guid(d183b5f1a5cddc445a9e4277eec9b936) Importer(815301076,1909f56bfc062723c751e8b465ee728b)  -> (artifact id: 'ed9b0e391388eeaf938c3cb16e2bcf51') in 0.038455 seconds 
  Import took 0.042697 seconds .

========================================================================
Received Import Request.
  Time since last request: 0.000747 seconds.
  path: Assets/Assets/FreePixelFood/Sprite/Food/Lemon.png
  artifactKey: Guid(62ea3073b49e56940bfa46b63af57760) Importer(815301076,1909f56bfc062723c751e8b465ee728b)
Start importing Assets/Assets/FreePixelFood/Sprite/Food/Lemon.png using Guid(62ea3073b49e56940bfa46b63af57760) Importer(815301076,1909f56bfc062723c751e8b465ee728b)  -> (artifact id: 'a25926089dbc3638e967d0b5bbdd3cce') in 0.036382 seconds 
  Import took 0.040720 seconds .

========================================================================
Received Import Request.
  Time since last request: 0.000512 seconds.
  path: Assets/Assets/FreePixelFood/Sprite/Food/PepperGreen.png
  artifactKey: Guid(2bf92f461ed19f24fb052c9061c08bd9) Importer(815301076,1909f56bfc062723c751e8b465ee728b)
Start importing Assets/Assets/FreePixelFood/Sprite/Food/PepperGreen.png using Guid(2bf92f461ed19f24fb052c9061c08bd9) Importer(815301076,1909f56bfc062723c751e8b465ee728b)  -> (artifact id: '5be6e99fe437590708907ef721587938') in 0.042903 seconds 
  Import took 0.047680 seconds .

========================================================================
Received Import Request.
  Time since last request: 0.000477 seconds.
  path: Assets/Assets/FreePixelFood/Sprite/Food/Pineapple.png
  artifactKey: Guid(c2b79727230842b4d89c658c13fd4e24) Importer(815301076,1909f56bfc062723c751e8b465ee728b)
Start importing Assets/Assets/FreePixelFood/Sprite/Food/Pineapple.png using Guid(c2b79727230842b4d89c658c13fd4e24) Importer(815301076,1909f56bfc062723c751e8b465ee728b)  -> (artifact id: '540394d13a077a606cf7e28e9b5c5632') in 0.029788 seconds 
  Import took 0.034069 seconds .

========================================================================
Received Import Request.
  Time since last request: 0.000456 seconds.
  path: Assets/Assets/FreePixelFood/Sprite/Food/Pretzel.png
  artifactKey: Guid(5f4933d084b413e42a40a4d18ccb14bd) Importer(815301076,1909f56bfc062723c751e8b465ee728b)
Start importing Assets/Assets/FreePixelFood/Sprite/Food/Pretzel.png using Guid(5f4933d084b413e42a40a4d18ccb14bd) Importer(815301076,1909f56bfc062723c751e8b465ee728b)  -> (artifact id: '15794ed0d70da96a46181443b04604bd') in 0.031870 seconds 
  Import took 0.036906 seconds .

========================================================================
Received Import Request.
  Time since last request: 0.000349 seconds.
  path: Assets/Assets/FreePixelFood/Sprite/Food/Potato.png
  artifactKey: Guid(7dd21f826a119274bb085376073e5cbd) Importer(815301076,1909f56bfc062723c751e8b465ee728b)
Start importing Assets/Assets/FreePixelFood/Sprite/Food/Potato.png using Guid(7dd21f826a119274bb085376073e5cbd) Importer(815301076,1909f56bfc062723c751e8b465ee728b)  -> (artifact id: '5a7646e2e07ac14c3b61c9d5cf4683b1') in 0.029585 seconds 
  Import took 0.034387 seconds .

========================================================================
Received Import Request.
  Time since last request: 0.000311 seconds.
  path: Assets/Assets/FreePixelFood/Sprite/Food/ChickenLeg.png
  artifactKey: Guid(b0851162516b6244f9ab7679cdb66512) Importer(815301076,1909f56bfc062723c751e8b465ee728b)
Start importing Assets/Assets/FreePixelFood/Sprite/Food/ChickenLeg.png using Guid(b0851162516b6244f9ab7679cdb66512) Importer(815301076,1909f56bfc062723c751e8b465ee728b)  -> (artifact id: 'b90a4e4dad7bd30cc8578256b2848361') in 0.028075 seconds 
  Import took 0.032361 seconds .

========================================================================
Received Import Request.
  Time since last request: 0.000308 seconds.
  path: Assets/Assets/FreePixelFood/Sprite/Food/Bacon.png
  artifactKey: Guid(0b9e159b363a1ff4f8982693963e393d) Importer(815301076,1909f56bfc062723c751e8b465ee728b)
Start importing Assets/Assets/FreePixelFood/Sprite/Food/Bacon.png using Guid(0b9e159b363a1ff4f8982693963e393d) Importer(815301076,1909f56bfc062723c751e8b465ee728b)  -> (artifact id: '3a0c81977b504981b68dbf6a3b928f7a') in 0.033879 seconds 
  Import took 0.038616 seconds .

========================================================================
Received Import Request.
  Time since last request: 0.000316 seconds.
  path: Assets/Assets/FreePixelFood/Sprite/Food/Eggplant.png
  artifactKey: Guid(b4c9f99162deca84ebc6c689c9df3de9) Importer(815301076,1909f56bfc062723c751e8b465ee728b)
Start importing Assets/Assets/FreePixelFood/Sprite/Food/Eggplant.png using Guid(b4c9f99162deca84ebc6c689c9df3de9) Importer(815301076,1909f56bfc062723c751e8b465ee728b)  -> (artifact id: 'e50544bf056e73ee347f1bba599f28b8') in 0.043163 seconds 
  Import took 0.048838 seconds .

========================================================================
Received Import Request.
  Time since last request: 0.000272 seconds.
  path: Assets/Assets/FreePixelFood/Sprite/Food/Boar.png
  artifactKey: Guid(d139b48a372802a42b221ad4a1f80911) Importer(815301076,1909f56bfc062723c751e8b465ee728b)
Start importing Assets/Assets/FreePixelFood/Sprite/Food/Boar.png using Guid(d139b48a372802a42b221ad4a1f80911) Importer(815301076,1909f56bfc062723c751e8b465ee728b)  -> (artifact id: '0d8d2969ac398b6d69f7c4d0706ef8b0') in 0.028483 seconds 
  Import took 0.034432 seconds .

========================================================================
Received Import Request.
  Time since last request: 0.000316 seconds.
  path: Assets/Assets/FreePixelFood/Sprite/Food/Wine.png
  artifactKey: Guid(ac99105dfc2ca304fbc9c37d3dff35e1) Importer(815301076,1909f56bfc062723c751e8b465ee728b)
Start importing Assets/Assets/FreePixelFood/Sprite/Food/Wine.png using Guid(ac99105dfc2ca304fbc9c37d3dff35e1) Importer(815301076,1909f56bfc062723c751e8b465ee728b)  -> (artifact id: 'c009ebd9ab42ea70261973b78df094da') in 0.056198 seconds 
  Import took 0.060294 seconds .

========================================================================
Received Import Request.
  Time since last request: 0.000461 seconds.
  path: Assets/Assets/FreePixelFood/Sprite/Food/Roll.png
  artifactKey: Guid(1f652ffe06272fe4c86995d3781d605b) Importer(815301076,1909f56bfc062723c751e8b465ee728b)
Start importing Assets/Assets/FreePixelFood/Sprite/Food/Roll.png using Guid(1f652ffe06272fe4c86995d3781d605b) Importer(815301076,1909f56bfc062723c751e8b465ee728b)  -> (artifact id: '571ba1ef09ccc8770a829e186068cbef') in 0.053670 seconds 
  Import took 0.057136 seconds .

========================================================================
Received Import Request.
  Time since last request: 0.000335 seconds.
  path: Assets/Assets/FreePixelFood/Sprite/Food/PieLemon.png
  artifactKey: Guid(cc4c3524c7779d44dbcf4d432bbe9d06) Importer(815301076,1909f56bfc062723c751e8b465ee728b)
Start importing Assets/Assets/FreePixelFood/Sprite/Food/PieLemon.png using Guid(cc4c3524c7779d44dbcf4d432bbe9d06) Importer(815301076,1909f56bfc062723c751e8b465ee728b)  -> (artifact id: '124aa899115ada66fb9bc9fca47a010d') in 0.029922 seconds 
  Import took 0.033701 seconds .

========================================================================
Received Import Request.
  Time since last request: 0.000343 seconds.
  path: Assets/Assets/FreePixelFood/Sprite/Food/Grubs.png
  artifactKey: Guid(82378645ab8e81540a4d91e623193d96) Importer(815301076,1909f56bfc062723c751e8b465ee728b)
Start importing Assets/Assets/FreePixelFood/Sprite/Food/Grubs.png using Guid(82378645ab8e81540a4d91e623193d96) Importer(815301076,1909f56bfc062723c751e8b465ee728b)  -> (artifact id: 'f18c1bd2908ad474530eaa1d62ffb006') in 0.035646 seconds 
  Import took 0.040195 seconds .

========================================================================
Received Import Request.
  Time since last request: 0.000415 seconds.
  path: Assets/Assets/FreePixelFood/Sprite/Food/Bread.png
  artifactKey: Guid(c728868677dfad541b6543a1f2aec055) Importer(815301076,1909f56bfc062723c751e8b465ee728b)
Start importing Assets/Assets/FreePixelFood/Sprite/Food/Bread.png using Guid(c728868677dfad541b6543a1f2aec055) Importer(815301076,1909f56bfc062723c751e8b465ee728b)  -> (artifact id: '31c1a1bd2fcd95e3fb95819912d14838') in 0.034123 seconds 
  Import took 0.040977 seconds .

========================================================================
Received Import Request.
  Time since last request: 0.000476 seconds.
  path: Assets/Assets/FreePixelFood/Sprite/Food/Turnip.png
  artifactKey: Guid(f59bbc404563db4458cc85e8721c052d) Importer(815301076,1909f56bfc062723c751e8b465ee728b)
Start importing Assets/Assets/FreePixelFood/Sprite/Food/Turnip.png using Guid(f59bbc404563db4458cc85e8721c052d) Importer(815301076,1909f56bfc062723c751e8b465ee728b)  -> (artifact id: 'dedba5531b123d965b673107060ae054') in 0.030323 seconds 
  Import took 0.071564 seconds .

========================================================================
Received Import Request.
  Time since last request: 0.000322 seconds.
  path: Assets/Assets/FreePixelFood/Sprite/Food/Cherry.png
  artifactKey: Guid(bf7bb96fa1c415b4fb03ff227c934adc) Importer(815301076,1909f56bfc062723c751e8b465ee728b)
Start importing Assets/Assets/FreePixelFood/Sprite/Food/Cherry.png using Guid(bf7bb96fa1c415b4fb03ff227c934adc) Importer(815301076,1909f56bfc062723c751e8b465ee728b)  -> (artifact id: 'd4105c5cf6751840471c4049ad6eb113') in 0.045498 seconds 
  Import took 0.049755 seconds .

========================================================================
Received Import Request.
  Time since last request: 0.000323 seconds.
  path: Assets/Assets/FreePixelFood/Sprite/Food/Jerky.png
  artifactKey: Guid(64ab12e2260f05640b720a6cb7430a4c) Importer(815301076,1909f56bfc062723c751e8b465ee728b)
Start importing Assets/Assets/FreePixelFood/Sprite/Food/Jerky.png using Guid(64ab12e2260f05640b720a6cb7430a4c) Importer(815301076,1909f56bfc062723c751e8b465ee728b)  -> (artifact id: '27ccb99f5e9976f111f752b3ebfdef08') in 0.059783 seconds 
  Import took 0.063406 seconds .

========================================================================
Received Import Request.
  Time since last request: 0.000415 seconds.
  path: Assets/Assets/FreePixelFood/Sprite/Food/Sashimi.png
  artifactKey: Guid(3e5397942317ff54bba8ac82572581ce) Importer(815301076,1909f56bfc062723c751e8b465ee728b)
Start importing Assets/Assets/FreePixelFood/Sprite/Food/Sashimi.png using Guid(3e5397942317ff54bba8ac82572581ce) Importer(815301076,1909f56bfc062723c751e8b465ee728b)  -> (artifact id: '5c6fff5dbae0fcc4c15d5a8d24379446') in 0.052202 seconds 
  Import took 0.055723 seconds .

========================================================================
Received Import Request.
  Time since last request: 0.000376 seconds.
  path: Assets/Assets/FreePixelFood/Sprite/Food/Bug.png
  artifactKey: Guid(4043a37a958048f4a9402cf4f7c6157f) Importer(815301076,1909f56bfc062723c751e8b465ee728b)
Start importing Assets/Assets/FreePixelFood/Sprite/Food/Bug.png using Guid(4043a37a958048f4a9402cf4f7c6157f) Importer(815301076,1909f56bfc062723c751e8b465ee728b)  -> (artifact id: '54df414156b2495b86841babc417358c') in 0.065379 seconds 
  Import took 0.068958 seconds .

========================================================================
Received Import Request.
  Time since last request: 0.000351 seconds.
  path: Assets/Assets/FreePixelFood/Sprite/Food/Cookie.png
  artifactKey: Guid(ecfc905a2597f014695bcc25207a2010) Importer(815301076,1909f56bfc062723c751e8b465ee728b)
Start importing Assets/Assets/FreePixelFood/Sprite/Food/Cookie.png using Guid(ecfc905a2597f014695bcc25207a2010) Importer(815301076,1909f56bfc062723c751e8b465ee728b)  -> (artifact id: 'a7c82eee841af038c4eb0418d9d9402b') in 0.043103 seconds 
  Import took 0.047659 seconds .

========================================================================
Received Import Request.
  Time since last request: 0.000391 seconds.
  path: Assets/Assets/FreePixelFood/Sprite/Food/Tart.png
  artifactKey: Guid(2ba14b7e3cc2e8942b9c3a3ed3238fd5) Importer(815301076,1909f56bfc062723c751e8b465ee728b)
Start importing Assets/Assets/FreePixelFood/Sprite/Food/Tart.png using Guid(2ba14b7e3cc2e8942b9c3a3ed3238fd5) Importer(815301076,1909f56bfc062723c751e8b465ee728b)  -> (artifact id: 'b9bd4a907e77eb6b4e06d43f733a5dfd') in 0.075025 seconds 
  Import took 0.078621 seconds .

========================================================================
Received Import Request.
  Time since last request: 0.000298 seconds.
  path: Assets/Assets/FreePixelFood/Sprite/Food/Fish.png
  artifactKey: Guid(9008780582d3efe4fb4acfc2a510a77d) Importer(815301076,1909f56bfc062723c751e8b465ee728b)
Start importing Assets/Assets/FreePixelFood/Sprite/Food/Fish.png using Guid(9008780582d3efe4fb4acfc2a510a77d) Importer(815301076,1909f56bfc062723c751e8b465ee728b)  -> (artifact id: '5c678f50d61702018ca677cf3cfd5fb3') in 0.046637 seconds 
  Import took 0.050596 seconds .

========================================================================
Received Import Request.
  Time since last request: 0.000281 seconds.
  path: Assets/Assets/FreePixelFood/Sprite/Food/Avocado.png
  artifactKey: Guid(2d996a9f7524c354585e081fdf1c9ada) Importer(815301076,1909f56bfc062723c751e8b465ee728b)
Start importing Assets/Assets/FreePixelFood/Sprite/Food/Avocado.png using Guid(2d996a9f7524c354585e081fdf1c9ada) Importer(815301076,1909f56bfc062723c751e8b465ee728b)  -> (artifact id: '53c2f3b0b7ca03c427a77616e71a426c') in 0.027797 seconds 
  Import took 0.031583 seconds .

========================================================================
Received Import Request.
  Time since last request: 0.000287 seconds.
  path: Assets/Assets/FreePixelFood/Sprite/Food/Ribs.png
  artifactKey: Guid(a480ec4b99902534c8e7b392d640d20a) Importer(815301076,1909f56bfc062723c751e8b465ee728b)
Start importing Assets/Assets/FreePixelFood/Sprite/Food/Ribs.png using Guid(a480ec4b99902534c8e7b392d640d20a) Importer(815301076,1909f56bfc062723c751e8b465ee728b)  -> (artifact id: 'd16268d87efcf4d63dea45989aa28871') in 0.027099 seconds 
  Import took 0.031526 seconds .

========================================================================
Received Import Request.
  Time since last request: 0.000265 seconds.
  path: Assets/Assets/FreePixelFood/Sprite/Food/MelonHoneydew.png
  artifactKey: Guid(3d9dbc9e2913dff4abde07ca36a33066) Importer(815301076,1909f56bfc062723c751e8b465ee728b)
Start importing Assets/Assets/FreePixelFood/Sprite/Food/MelonHoneydew.png using Guid(3d9dbc9e2913dff4abde07ca36a33066) Importer(815301076,1909f56bfc062723c751e8b465ee728b)  -> (artifact id: '3de39f6684bf62829c03d2c883cd22c2') in 0.029631 seconds 
  Import took 0.033267 seconds .

========================================================================
Received Import Request.
  Time since last request: 0.000387 seconds.
  path: Assets/Assets/FreePixelFood/Sprite/Food/Sausages.png
  artifactKey: Guid(2e2e2cb35cfe6204f950748a41ee838e) Importer(815301076,1909f56bfc062723c751e8b465ee728b)
Start importing Assets/Assets/FreePixelFood/Sprite/Food/Sausages.png using Guid(2e2e2cb35cfe6204f950748a41ee838e) Importer(815301076,1909f56bfc062723c751e8b465ee728b)  -> (artifact id: '9962e7556379d8f1ab1268713618cb9d') in 0.032482 seconds 
  Import took 0.036305 seconds .

========================================================================
Received Import Request.
  Time since last request: 0.000328 seconds.
  path: Assets/Assets/FreePixelFood/Sprite/Food/Peach.png
  artifactKey: Guid(ddc2c0b558e42934a8bd79519fe86a29) Importer(815301076,1909f56bfc062723c751e8b465ee728b)
Start importing Assets/Assets/FreePixelFood/Sprite/Food/Peach.png using Guid(ddc2c0b558e42934a8bd79519fe86a29) Importer(815301076,1909f56bfc062723c751e8b465ee728b)  -> (artifact id: 'e676137cc9d421d8af2a167e5e787d97') in 0.049155 seconds 
  Import took 0.053475 seconds .

========================================================================
Received Import Request.
  Time since last request: 0.000327 seconds.
  path: Assets/Assets/FreePixelFood/Sprite/Food/MelonWater.png
  artifactKey: Guid(8570c189a28e22145ac611fc417acd64) Importer(815301076,1909f56bfc062723c751e8b465ee728b)
Start importing Assets/Assets/FreePixelFood/Sprite/Food/MelonWater.png using Guid(8570c189a28e22145ac611fc417acd64) Importer(815301076,1909f56bfc062723c751e8b465ee728b)  -> (artifact id: 'fe80667b1844378394758237fd1b5e9b') in 0.045932 seconds 
  Import took 0.049395 seconds .

========================================================================
Received Import Request.
  Time since last request: 0.000374 seconds.
  path: Assets/Assets/FreePixelFood/Sprite/Food/Marmalade.png
  artifactKey: Guid(4f05b20a28cd0394a9dfe5ad2dd89981) Importer(815301076,1909f56bfc062723c751e8b465ee728b)
Start importing Assets/Assets/FreePixelFood/Sprite/Food/Marmalade.png using Guid(4f05b20a28cd0394a9dfe5ad2dd89981) Importer(815301076,1909f56bfc062723c751e8b465ee728b)  -> (artifact id: '144170cb6cf4ad9fb897d08ed455fb02') in 0.025978 seconds 
  Import took 0.030454 seconds .

========================================================================
Received Import Request.
  Time since last request: 0.000614 seconds.
  path: Assets/Assets/FreePixelFood/Sprite/Food/Jam.png
  artifactKey: Guid(878a86235aa94024ebe99557efe97bbb) Importer(815301076,1909f56bfc062723c751e8b465ee728b)
Start importing Assets/Assets/FreePixelFood/Sprite/Food/Jam.png using Guid(878a86235aa94024ebe99557efe97bbb) Importer(815301076,1909f56bfc062723c751e8b465ee728b)  -> (artifact id: 'f02a128fb517e6cb49237a17f0fb91f2') in 0.026314 seconds 
  Import took 0.031345 seconds .

========================================================================
Received Import Request.
  Time since last request: 0.000679 seconds.
  path: Assets/Assets/FreePixelFood/Sprite/Food/PotatoRed.png
  artifactKey: Guid(787f4dc687e529f43bf6a16504053d48) Importer(815301076,1909f56bfc062723c751e8b465ee728b)
Start importing Assets/Assets/FreePixelFood/Sprite/Food/PotatoRed.png using Guid(787f4dc687e529f43bf6a16504053d48) Importer(815301076,1909f56bfc062723c751e8b465ee728b)  -> (artifact id: 'edd6f0fa899e3a0a3810b21aafaad1e0') in 0.030065 seconds 
  Import took 0.035829 seconds .

========================================================================
Received Import Request.
  Time since last request: 0.000284 seconds.
  path: Assets/Assets/FreePixelFood/Sprite/Food/FishFillet.png
  artifactKey: Guid(a592e52011d988e46b3a2c82e1ac05ba) Importer(815301076,1909f56bfc062723c751e8b465ee728b)
Start importing Assets/Assets/FreePixelFood/Sprite/Food/FishFillet.png using Guid(a592e52011d988e46b3a2c82e1ac05ba) Importer(815301076,1909f56bfc062723c751e8b465ee728b)  -> (artifact id: 'b2f678fb6192effe28d4d23cae5e9f19') in 0.026588 seconds 
  Import took 0.030260 seconds .

========================================================================
Received Import Request.
  Time since last request: 0.000613 seconds.
  path: Assets/Assets/FreePixelFood/Sprite/Food/Cheese.png
  artifactKey: Guid(31ce55c2474361d4fab07984f18f9145) Importer(815301076,1909f56bfc062723c751e8b465ee728b)
Start importing Assets/Assets/FreePixelFood/Sprite/Food/Cheese.png using Guid(31ce55c2474361d4fab07984f18f9145) Importer(815301076,1909f56bfc062723c751e8b465ee728b)  -> (artifact id: '6c6b88a1716f481c3ba5fb5765d84290') in 0.030858 seconds 
  Import took 0.035114 seconds .

========================================================================
Received Import Request.
  Time since last request: 0.000293 seconds.
  path: Assets/Assets/FreePixelFood/Sprite/Food/Saki.png
  artifactKey: Guid(d2abe2baa59a0ea4993d1e5f9bf97cd3) Importer(815301076,1909f56bfc062723c751e8b465ee728b)
Start importing Assets/Assets/FreePixelFood/Sprite/Food/Saki.png using Guid(d2abe2baa59a0ea4993d1e5f9bf97cd3) Importer(815301076,1909f56bfc062723c751e8b465ee728b)  -> (artifact id: '1f497e4f047d270ff3744fd1f75a79bd') in 0.039264 seconds 
  Import took 0.042659 seconds .

========================================================================
Received Import Request.
  Time since last request: 0.000334 seconds.
  path: Assets/Assets/FreePixelFood/Sprite/Food/PieApple.png
  artifactKey: Guid(849b5da8cd3dc0a428bc921c66b6f435) Importer(815301076,1909f56bfc062723c751e8b465ee728b)
Start importing Assets/Assets/FreePixelFood/Sprite/Food/PieApple.png using Guid(849b5da8cd3dc0a428bc921c66b6f435) Importer(815301076,1909f56bfc062723c751e8b465ee728b)  -> (artifact id: '2706b19a8f167f8f3f95284440eba44d') in 0.027679 seconds 
  Import took 0.031274 seconds .

========================================================================
Received Import Request.
  Time since last request: 0.000329 seconds.
  path: Assets/Assets/FreePixelFood/Sprite/Food/Moonshine.png
  artifactKey: Guid(ceb7d4ba1e853c741a565484d3f1af4b) Importer(815301076,1909f56bfc062723c751e8b465ee728b)
Start importing Assets/Assets/FreePixelFood/Sprite/Food/Moonshine.png using Guid(ceb7d4ba1e853c741a565484d3f1af4b) Importer(815301076,1909f56bfc062723c751e8b465ee728b)  -> (artifact id: '4a41f9bb7a2566f88d063f7a039fe8e6') in 0.030786 seconds 
  Import took 0.034767 seconds .

========================================================================
Received Import Request.
  Time since last request: 0.000314 seconds.
  path: Assets/Assets/FreePixelFood/Sprite/Food/Grub.png
  artifactKey: Guid(79696e3e94813d64c82b5e31bb900f81) Importer(815301076,1909f56bfc062723c751e8b465ee728b)
Start importing Assets/Assets/FreePixelFood/Sprite/Food/Grub.png using Guid(79696e3e94813d64c82b5e31bb900f81) Importer(815301076,1909f56bfc062723c751e8b465ee728b)  -> (artifact id: '1c7564f97a5dbfc3b8a215b59d725c52') in 0.030298 seconds 
  Import took 0.033935 seconds .

========================================================================
Received Import Request.
  Time since last request: 0.000304 seconds.
  path: Assets/Assets/FreePixelFood/Sprite/Food/Pickle.png
  artifactKey: Guid(efbc17b8f11b78741a175aed000fee64) Importer(815301076,1909f56bfc062723c751e8b465ee728b)
Start importing Assets/Assets/FreePixelFood/Sprite/Food/Pickle.png using Guid(efbc17b8f11b78741a175aed000fee64) Importer(815301076,1909f56bfc062723c751e8b465ee728b)  -> (artifact id: '190a41802e4e9c2ae462229437436e2a') in 0.028677 seconds 
  Import took 0.032099 seconds .

========================================================================
Received Import Request.
  Time since last request: 0.000317 seconds.
  path: Assets/Assets/FreePixelFood/Sprite/Food/Honey.png
  artifactKey: Guid(213d37f2675510c44ad06fb526cd48f5) Importer(815301076,1909f56bfc062723c751e8b465ee728b)
Start importing Assets/Assets/FreePixelFood/Sprite/Food/Honey.png using Guid(213d37f2675510c44ad06fb526cd48f5) Importer(815301076,1909f56bfc062723c751e8b465ee728b)  -> (artifact id: '9b0167836ff7b71def3db7bdeaab880d') in 0.027555 seconds 
  Import took 0.031079 seconds .

========================================================================
Received Import Request.
  Time since last request: 0.000334 seconds.
  path: Assets/Assets/FreePixelFood/Sprite/Food/Beer.png
  artifactKey: Guid(e0a7fb47c7111464f866363e7a3f47da) Importer(815301076,1909f56bfc062723c751e8b465ee728b)
Start importing Assets/Assets/FreePixelFood/Sprite/Food/Beer.png using Guid(e0a7fb47c7111464f866363e7a3f47da) Importer(815301076,1909f56bfc062723c751e8b465ee728b)  -> (artifact id: '1d8a5fbf9dd3ba033798211b6b02275c') in 0.029418 seconds 
  Import took 0.033150 seconds .

========================================================================
Received Import Request.
  Time since last request: 0.000440 seconds.
  path: Assets/Assets/FreePixelFood/Sprite/Food/DragonFruit.png
  artifactKey: Guid(b2834b9a4be626e4d8a56e1cde70b1b1) Importer(815301076,1909f56bfc062723c751e8b465ee728b)
Start importing Assets/Assets/FreePixelFood/Sprite/Food/DragonFruit.png using Guid(b2834b9a4be626e4d8a56e1cde70b1b1) Importer(815301076,1909f56bfc062723c751e8b465ee728b)  -> (artifact id: 'd8553b360c4b10e75a1da0fa08b8dd37') in 0.028681 seconds 
  Import took 0.032422 seconds .

========================================================================
Received Import Request.
  Time since last request: 0.000336 seconds.
  path: Assets/Assets/FreePixelFood/Sprite/Food/Strawberry.png
  artifactKey: Guid(d92e356740bd72d4f9651cf78787d1e7) Importer(815301076,1909f56bfc062723c751e8b465ee728b)
Start importing Assets/Assets/FreePixelFood/Sprite/Food/Strawberry.png using Guid(d92e356740bd72d4f9651cf78787d1e7) Importer(815301076,1909f56bfc062723c751e8b465ee728b)  -> (artifact id: '66cc538b835998e3ecb318935b85aeb8') in 0.035339 seconds 
  Import took 0.039581 seconds .

========================================================================
Received Import Request.
  Time since last request: 0.000469 seconds.
  path: Assets/Assets/FreePixelFood/Sprite/Food/Pepperoni.png
  artifactKey: Guid(dfd48ca86c0710d45ac96a8fb08b8ce3) Importer(815301076,1909f56bfc062723c751e8b465ee728b)
Start importing Assets/Assets/FreePixelFood/Sprite/Food/Pepperoni.png using Guid(dfd48ca86c0710d45ac96a8fb08b8ce3) Importer(815301076,1909f56bfc062723c751e8b465ee728b)  -> (artifact id: 'cb2605cc29cb0c169bfbf79f89584fc0') in 0.028296 seconds 
  Import took 0.034392 seconds .

========================================================================
Received Import Request.
  Time since last request: 0.000360 seconds.
  path: Assets/Assets/FreePixelFood/Sprite/Food/PickledEggs.png
  artifactKey: Guid(9c2c25cdab33c434e959d382d3b79d94) Importer(815301076,1909f56bfc062723c751e8b465ee728b)
Start importing Assets/Assets/FreePixelFood/Sprite/Food/PickledEggs.png using Guid(9c2c25cdab33c434e959d382d3b79d94) Importer(815301076,1909f56bfc062723c751e8b465ee728b)  -> (artifact id: '9a637355613ad4426d3ef6aa35dcd418') in 0.028496 seconds 
  Import took 0.032055 seconds .

========================================================================
Received Import Request.
  Time since last request: 0.000381 seconds.
  path: Assets/Assets/FreePixelFood/Sprite/Food/Waffles.png
  artifactKey: Guid(481361217e20600488dc50b0c21f0378) Importer(815301076,1909f56bfc062723c751e8b465ee728b)
Start importing Assets/Assets/FreePixelFood/Sprite/Food/Waffles.png using Guid(481361217e20600488dc50b0c21f0378) Importer(815301076,1909f56bfc062723c751e8b465ee728b)  -> (artifact id: '5ca1f67a0a9c9947134598456c840950') in 0.027460 seconds 
  Import took 0.031613 seconds .

========================================================================
Received Import Request.
  Time since last request: 0.000302 seconds.
  path: Assets/Assets/FreePixelFood/Sprite/Food/Chicken.png
  artifactKey: Guid(87b0be14180e9be4681e14b64915d462) Importer(815301076,1909f56bfc062723c751e8b465ee728b)
Start importing Assets/Assets/FreePixelFood/Sprite/Food/Chicken.png using Guid(87b0be14180e9be4681e14b64915d462) Importer(815301076,1909f56bfc062723c751e8b465ee728b)  -> (artifact id: '0a508d5379662ad980557e31ea5e73cd') in 0.026275 seconds 
  Import took 0.030381 seconds .

========================================================================
Received Import Request.
  Time since last request: 0.000365 seconds.
  path: Assets/Assets/FreePixelFood/Sprite/Food/PepperRed.png
  artifactKey: Guid(0699585d82b9b5f49bee6abb309077c4) Importer(815301076,1909f56bfc062723c751e8b465ee728b)
Start importing Assets/Assets/FreePixelFood/Sprite/Food/PepperRed.png using Guid(0699585d82b9b5f49bee6abb309077c4) Importer(815301076,1909f56bfc062723c751e8b465ee728b)  -> (artifact id: 'fbd13f91afe00c23d6a5ce115efad480') in 0.028643 seconds 
  Import took 0.033136 seconds .

========================================================================
Received Import Request.
  Time since last request: 0.000434 seconds.
  path: Assets/Assets/FreePixelFood/Sprite/Food/PiePumpkin.png
  artifactKey: Guid(489912c6941fa9b48bf20fb07eb6d7a5) Importer(815301076,1909f56bfc062723c751e8b465ee728b)
Start importing Assets/Assets/FreePixelFood/Sprite/Food/PiePumpkin.png using Guid(489912c6941fa9b48bf20fb07eb6d7a5) Importer(815301076,1909f56bfc062723c751e8b465ee728b)  -> (artifact id: '42f705036ff6fd905a0e51080efe353d') in 0.028399 seconds 
  Import took 0.033299 seconds .

========================================================================
Received Import Request.
  Time since last request: 0.000699 seconds.
  path: Assets/Assets/FreePixelFood/Sprite/Food/Sushi.png
  artifactKey: Guid(f25c3831456f7e04cb1a52fa0a8187f5) Importer(815301076,1909f56bfc062723c751e8b465ee728b)
Start importing Assets/Assets/FreePixelFood/Sprite/Food/Sushi.png using Guid(f25c3831456f7e04cb1a52fa0a8187f5) Importer(815301076,1909f56bfc062723c751e8b465ee728b)  -> (artifact id: 'ed512dd32df7ac0f721a292c6c10a1f2') in 0.026285 seconds 
  Import took 0.029991 seconds .

========================================================================
Received Import Request.
  Time since last request: 0.000333 seconds.
  path: Assets/Assets/FreePixelFood/Sprite/Food/Honeycomb.png
  artifactKey: Guid(ae8fa6f189cd9b144bcdcc2beda30c3f) Importer(815301076,1909f56bfc062723c751e8b465ee728b)
Start importing Assets/Assets/FreePixelFood/Sprite/Food/Honeycomb.png using Guid(ae8fa6f189cd9b144bcdcc2beda30c3f) Importer(815301076,1909f56bfc062723c751e8b465ee728b)  -> (artifact id: '9472353afb882c2e6ff0eebe45346f5d') in 0.028263 seconds 
  Import took 0.033398 seconds .

========================================================================
Received Import Request.
  Time since last request: 0.000356 seconds.
  path: Assets/Assets/FreePixelFood/Sprite/Food/Shrimp.png
  artifactKey: Guid(124f35aff40297349ab8c605a1dbfec6) Importer(815301076,1909f56bfc062723c751e8b465ee728b)
Start importing Assets/Assets/FreePixelFood/Sprite/Food/Shrimp.png using Guid(124f35aff40297349ab8c605a1dbfec6) Importer(815301076,1909f56bfc062723c751e8b465ee728b)  -> (artifact id: '1932ea42486975602f93eb3cac0606f1') in 0.032808 seconds 
  Import took 0.038087 seconds .

========================================================================
Received Import Request.
  Time since last request: 0.000317 seconds.
  path: Assets/Assets/FreePixelFood/Sprite/Food/Steak.png
  artifactKey: Guid(2d32f96b28dc0d9479129a87f6fcc318) Importer(815301076,1909f56bfc062723c751e8b465ee728b)
Start importing Assets/Assets/FreePixelFood/Sprite/Food/Steak.png using Guid(2d32f96b28dc0d9479129a87f6fcc318) Importer(815301076,1909f56bfc062723c751e8b465ee728b)  -> (artifact id: 'b942f0fe4bc4ca22acc905456e0eb907') in 0.068980 seconds 
  Import took 0.074448 seconds .

========================================================================
Received Import Request.
  Time since last request: 71.687632 seconds.
  path: Assets/Assets/FreePixelFood/Sprite/Food/Materials
  artifactKey: Guid(3045da499bfefa443b5792017d4257fa) Importer(815301076,1909f56bfc062723c751e8b465ee728b)
Start importing Assets/Assets/FreePixelFood/Sprite/Food/Materials using Guid(3045da499bfefa443b5792017d4257fa) Importer(815301076,1909f56bfc062723c751e8b465ee728b)  -> (artifact id: 'fb865689a416067698742f1c87bbd1ec') in 0.012488 seconds 
  Import took 0.017294 seconds .

========================================================================
Received Import Request.
  Time since last request: 0.046186 seconds.
  path: Assets/Assets/FreePixelFood/Sprite/Food/Materials/Pretzel.mat
  artifactKey: Guid(49ee3a35257e8f14dbe37160f8ab30a7) Importer(815301076,1909f56bfc062723c751e8b465ee728b)
Start importing Assets/Assets/FreePixelFood/Sprite/Food/Materials/Pretzel.mat using Guid(49ee3a35257e8f14dbe37160f8ab30a7) Importer(815301076,1909f56bfc062723c751e8b465ee728b)  -> (artifact id: 'db93bacc2c0423958ec9ce900e106aed') in 0.197797 seconds 
  Import took 0.205290 seconds .

========================================================================
Received Import Request.
  Time since last request: 99.011311 seconds.
  path: Assets/Prefabs/PretzelBullet.prefab
  artifactKey: Guid(e39d4ccde5574234b9dda0dcccaa29fa) Importer(815301076,1909f56bfc062723c751e8b465ee728b)
Start importing Assets/Prefabs/PretzelBullet.prefab using Guid(e39d4ccde5574234b9dda0dcccaa29fa) Importer(815301076,1909f56bfc062723c751e8b465ee728b)  -> (artifact id: '688ebd7dbe5d7947d4397beff60b757c') in 0.041277 seconds 
  Import took 0.046224 seconds .

AssetImportWorkerClient::OnTransportError - code=2 error=End of file
